Started GET "/" for ::1 at 2024-06-19 16:47:27 +0200
  
ActiveRecord::NoDatabaseError (We could not find your database: piou_app_development. Which can be found in the database configuration file located at config/database.yml.

To resolve this issue:

- Did you create the database for this app, or delete it? You may need to create your database.
- Has the database name changed? Check your database.yml config has the correct database name.

To create your database, run:

        bin/rails db:create
):
  
activerecord (7.0.8.4) lib/active_record/connection_adapters/postgresql_adapter.rb:81:in `rescue in new_client'
activerecord (7.0.8.4) lib/active_record/connection_adapters/postgresql_adapter.rb:77:in `new_client'
activerecord (7.0.8.4) lib/active_record/connection_adapters/postgresql_adapter.rb:37:in `postgresql_connection'
activerecord (7.0.8.4) lib/active_record/connection_adapters/abstract/connection_pool.rb:656:in `public_send'
activerecord (7.0.8.4) lib/active_record/connection_adapters/abstract/connection_pool.rb:656:in `new_connection'
activerecord (7.0.8.4) lib/active_record/connection_adapters/abstract/connection_pool.rb:700:in `checkout_new_connection'
activerecord (7.0.8.4) lib/active_record/connection_adapters/abstract/connection_pool.rb:679:in `try_to_checkout_new_connection'
activerecord (7.0.8.4) lib/active_record/connection_adapters/abstract/connection_pool.rb:640:in `acquire_connection'
activerecord (7.0.8.4) lib/active_record/connection_adapters/abstract/connection_pool.rb:341:in `checkout'
activerecord (7.0.8.4) lib/active_record/connection_adapters/abstract/connection_pool.rb:181:in `connection'
activerecord (7.0.8.4) lib/active_record/connection_adapters/abstract/connection_handler.rb:211:in `retrieve_connection'
activerecord (7.0.8.4) lib/active_record/connection_handling.rb:313:in `retrieve_connection'
activerecord (7.0.8.4) lib/active_record/connection_handling.rb:280:in `connection'
activerecord (7.0.8.4) lib/active_record/migration.rb:648:in `connection'
activerecord (7.0.8.4) lib/active_record/migration.rb:643:in `build_watcher'
activerecord (7.0.8.4) lib/active_record/migration.rb:625:in `block in call'
activerecord (7.0.8.4) lib/active_record/migration.rb:624:in `synchronize'
activerecord (7.0.8.4) lib/active_record/migration.rb:624:in `call'
actionpack (7.0.8.4) lib/action_dispatch/middleware/callbacks.rb:27:in `block in call'
activesupport (7.0.8.4) lib/active_support/callbacks.rb:99:in `run_callbacks'
actionpack (7.0.8.4) lib/action_dispatch/middleware/callbacks.rb:26:in `call'
actionpack (7.0.8.4) lib/action_dispatch/middleware/executor.rb:14:in `call'
actionpack (7.0.8.4) lib/action_dispatch/middleware/actionable_exceptions.rb:17:in `call'
actionpack (7.0.8.4) lib/action_dispatch/middleware/debug_exceptions.rb:28:in `call'
web-console (4.2.1) lib/web_console/middleware.rb:132:in `call_app'
web-console (4.2.1) lib/web_console/middleware.rb:28:in `block in call'
web-console (4.2.1) lib/web_console/middleware.rb:17:in `catch'
web-console (4.2.1) lib/web_console/middleware.rb:17:in `call'
actionpack (7.0.8.4) lib/action_dispatch/middleware/show_exceptions.rb:29:in `call'
railties (7.0.8.4) lib/rails/rack/logger.rb:40:in `call_app'
railties (7.0.8.4) lib/rails/rack/logger.rb:25:in `block in call'
activesupport (7.0.8.4) lib/active_support/tagged_logging.rb:99:in `block in tagged'
activesupport (7.0.8.4) lib/active_support/tagged_logging.rb:37:in `tagged'
activesupport (7.0.8.4) lib/active_support/tagged_logging.rb:99:in `tagged'
railties (7.0.8.4) lib/rails/rack/logger.rb:25:in `call'
sprockets-rails (3.5.1) lib/sprockets/rails/quiet_assets.rb:17:in `call'
actionpack (7.0.8.4) lib/action_dispatch/middleware/remote_ip.rb:93:in `call'
actionpack (7.0.8.4) lib/action_dispatch/middleware/request_id.rb:26:in `call'
rack (2.2.9) lib/rack/method_override.rb:24:in `call'
rack (2.2.9) lib/rack/runtime.rb:22:in `call'
activesupport (7.0.8.4) lib/active_support/cache/strategy/local_cache_middleware.rb:29:in `call'
actionpack (7.0.8.4) lib/action_dispatch/middleware/server_timing.rb:61:in `block in call'
actionpack (7.0.8.4) lib/action_dispatch/middleware/server_timing.rb:26:in `collect_events'
actionpack (7.0.8.4) lib/action_dispatch/middleware/server_timing.rb:60:in `call'
actionpack (7.0.8.4) lib/action_dispatch/middleware/executor.rb:14:in `call'
actionpack (7.0.8.4) lib/action_dispatch/middleware/static.rb:23:in `call'
rack (2.2.9) lib/rack/sendfile.rb:110:in `call'
actionpack (7.0.8.4) lib/action_dispatch/middleware/host_authorization.rb:138:in `call'
railties (7.0.8.4) lib/rails/engine.rb:530:in `call'
puma (5.6.8) lib/puma/configuration.rb:252:in `call'
puma (5.6.8) lib/puma/request.rb:77:in `block in handle_request'
puma (5.6.8) lib/puma/thread_pool.rb:340:in `with_force_shutdown'
puma (5.6.8) lib/puma/request.rb:76:in `handle_request'
puma (5.6.8) lib/puma/server.rb:443:in `process_client'
puma (5.6.8) lib/puma/thread_pool.rb:147:in `block in spawn_thread'
Started GET "/" for ::1 at 2024-06-19 16:55:55 +0200
Processing by Rails::WelcomeController#index as HTML
  Rendering /home/thibautrld/.rbenv/versions/3.1.2/lib/ruby/gems/3.1.0/gems/railties-7.0.8.4/lib/rails/templates/rails/welcome/index.html.erb
  Rendered /home/thibautrld/.rbenv/versions/3.1.2/lib/ruby/gems/3.1.0/gems/railties-7.0.8.4/lib/rails/templates/rails/welcome/index.html.erb (Duration: 3.2ms | Allocations: 529)
Completed 200 OK in 18ms (Views: 7.1ms | ActiveRecord: 0.0ms | Allocations: 4937)


  [1m[35m (67.2ms)[0m  [1m[35mCREATE TABLE "schema_migrations" ("version" character varying NOT NULL PRIMARY KEY)[0m
  [1m[35m (25.2ms)[0m  [1m[35mCREATE TABLE "ar_internal_metadata" ("key" character varying NOT NULL PRIMARY KEY, "value" character varying, "created_at" timestamp(6) NOT NULL, "updated_at" timestamp(6) NOT NULL)[0m
  [1m[35m (1.6ms)[0m  [1m[34mSELECT pg_try_advisory_lock(8686747765840943820)[0m
  [1m[36mActiveRecord::SchemaMigration Pluck (1.1ms)[0m  [1m[34mSELECT "schema_migrations"."version" FROM "schema_migrations" ORDER BY "schema_migrations"."version" ASC[0m
Migrating to DeviseCreateUsers (20240619151314)
  [1m[36mTRANSACTION (0.8ms)[0m  [1m[35mBEGIN[0m
  [1m[35m (24.9ms)[0m  [1m[35mCREATE TABLE "users" ("id" bigserial primary key, "email" character varying DEFAULT '' NOT NULL, "encrypted_password" character varying DEFAULT '' NOT NULL, "reset_password_token" character varying, "reset_password_sent_at" timestamp(6), "remember_created_at" timestamp(6), "created_at" timestamp(6) NOT NULL, "updated_at" timestamp(6) NOT NULL)[0m
  [1m[35m (8.3ms)[0m  [1m[35mCREATE UNIQUE INDEX "index_users_on_email" ON "users" ("email")[0m
  [1m[35m (8.0ms)[0m  [1m[35mCREATE UNIQUE INDEX "index_users_on_reset_password_token" ON "users" ("reset_password_token")[0m
  [1m[36mActiveRecord::SchemaMigration Create (2.2ms)[0m  [1m[32mINSERT INTO "schema_migrations" ("version") VALUES ($1) RETURNING "version"[0m  [["version", "20240619151314"]]
  [1m[36mTRANSACTION (4.6ms)[0m  [1m[35mCOMMIT[0m
Migrating to AddFieldsToUsers (20240619151521)
  [1m[36mTRANSACTION (0.9ms)[0m  [1m[35mBEGIN[0m
  [1m[35m (3.8ms)[0m  [1m[35mALTER TABLE "users" ADD "first_name" character varying[0m
  [1m[35m (0.8ms)[0m  [1m[35mALTER TABLE "users" ADD "last_name" character varying[0m
  [1m[36mActiveRecord::SchemaMigration Create (1.2ms)[0m  [1m[32mINSERT INTO "schema_migrations" ("version") VALUES ($1) RETURNING "version"[0m  [["version", "20240619151521"]]
  [1m[36mTRANSACTION (4.3ms)[0m  [1m[35mCOMMIT[0m
  [1m[36mActiveRecord::InternalMetadata Load (1.3ms)[0m  [1m[34mSELECT "ar_internal_metadata".* FROM "ar_internal_metadata" WHERE "ar_internal_metadata"."key" = $1 LIMIT $2[0m  [["key", "environment"], ["LIMIT", 1]]
  [1m[36mTRANSACTION (0.7ms)[0m  [1m[35mBEGIN[0m
  [1m[36mActiveRecord::InternalMetadata Create (3.8ms)[0m  [1m[32mINSERT INTO "ar_internal_metadata" ("key", "value", "created_at", "updated_at") VALUES ($1, $2, $3, $4) RETURNING "key"[0m  [["key", "environment"], ["value", "development"], ["created_at", "2024-06-19 15:17:08.295172"], ["updated_at", "2024-06-19 15:17:08.295172"]]
  [1m[36mTRANSACTION (3.9ms)[0m  [1m[35mCOMMIT[0m
  [1m[35m (1.0ms)[0m  [1m[34mSELECT pg_advisory_unlock(8686747765840943820)[0m
  [1m[36mActiveRecord::SchemaMigration Pluck (1.1ms)[0m  [1m[34mSELECT "schema_migrations"."version" FROM "schema_migrations" ORDER BY "schema_migrations"."version" ASC[0m
Started GET "/" for ::1 at 2024-06-19 17:24:14 +0200
  
NoMethodError (undefined method `devise_for' for #<ActionDispatch::Routing::Mapper:0x00007f8ab4b3dda0 @set=#<ActionDispatch::Routing::RouteSet:0x00007f8ab6165d80>, @draw_paths=[#<Pathname:/home/thibautrld/code/Piou/level_2/config/routes>], @scope=#<ActionDispatch::Routing::Mapper::Scope:0x00007f8ab4b3dd50 @hash={:path_names=>{:new=>"new", :edit=>"edit"}}, @parent=#<ActionDispatch::Routing::Mapper::Scope:0x00007f8ab6093ba0 @hash=nil, @parent=nil, @scope_level=nil>, @scope_level=nil>, @concerns={}>

  devise_for :users
  ^^^^^^^^^^):
  
config/routes.rb:2:in `block in <main>'
config/routes.rb:1:in `<main>'
Started GET "/users/sign_up" for ::1 at 2024-06-19 17:24:41 +0200
  [1m[36mActiveRecord::SchemaMigration Pluck (4.4ms)[0m  [1m[34mSELECT "schema_migrations"."version" FROM "schema_migrations" ORDER BY "schema_migrations"."version" ASC[0m
  
ActionController::RoutingError (No route matches [GET] "/users/sign_up"):
  
Started GET "/user/sign_up" for ::1 at 2024-06-19 17:25:07 +0200
  
ActionController::RoutingError (No route matches [GET] "/user/sign_up"):
  
Started GET "/users/sign_up" for ::1 at 2024-06-19 17:25:10 +0200
  
ActionController::RoutingError (No route matches [GET] "/users/sign_up"):
  
Started GET "/users/sign_up" for ::1 at 2024-06-19 17:28:01 +0200
  
ActionController::RoutingError (No route matches [GET] "/users/sign_up"):
  
Started GET "/users/sign_up" for ::1 at 2024-06-19 17:28:03 +0200
  
ActionController::RoutingError (No route matches [GET] "/users/sign_up"):
  
Started GET "/users/sign_up" for ::1 at 2024-06-19 17:28:32 +0200
  [1m[36mActiveRecord::SchemaMigration Pluck (1.2ms)[0m  [1m[34mSELECT "schema_migrations"."version" FROM "schema_migrations" ORDER BY "schema_migrations"."version" ASC[0m
Processing by Devise::RegistrationsController#new as HTML
  Rendering layout layouts/application.html.erb
  Rendering devise/registrations/new.html.erb within layouts/application
  Rendered devise/shared/_error_messages.html.erb (Duration: 1.1ms | Allocations: 260)
  Rendered devise/shared/_links.html.erb (Duration: 1.2ms | Allocations: 625)
  Rendered devise/registrations/new.html.erb within layouts/application (Duration: 20.4ms | Allocations: 5045)
  Rendered layout layouts/application.html.erb (Duration: 322.6ms | Allocations: 84518)
Completed 200 OK in 374ms (Views: 338.6ms | ActiveRecord: 14.7ms | Allocations: 97201)


Started GET "/users/sign_up" for ::1 at 2024-06-19 17:32:36 +0200
Processing by Devise::RegistrationsController#new as HTML
  Rendering layout layouts/application.html.erb
  Rendering devise/registrations/new.html.erb within layouts/application
  Rendered devise/shared/_error_messages.html.erb (Duration: 1.0ms | Allocations: 209)
  Rendered devise/registrations/new.html.erb within layouts/application (Duration: 13.1ms | Allocations: 8273)
  Rendered layout layouts/application.html.erb (Duration: 13.4ms | Allocations: 8371)
Completed 500 Internal Server Error in 20ms (ActiveRecord: 0.0ms | Allocations: 9980)


  
ActionView::Template::Error (undefined method `input' for #<ActionView::Helpers::FormBuilder:0x00007f8748106b08 @nested_child_index={}, @options={:allow_method_names_outside_object=>false, :skip_default_ids=>false, :as=>:user, :html=>{:class=>"new_user", :id=>"new_user"}, :method=>:post, :local=>true}, @template=#<ActionView::Base:0x0000000000bf18>, @object=#<User id: nil, email: "", created_at: nil, updated_at: nil, first_name: nil, last_name: nil>, @object_name=:user, @default_options={:skip_default_ids=>false, :allow_method_names_outside_object=>false}, @default_html_options={}, @multipart=nil, @index=nil>

    '.freeze;@output_buffer.append=( f.input :first_name, autocomplete: "first-name" );@output_buffer.safe_append='
                                      ^^^^^^):
    23: 
    24:   <div class="field">
    25:     <%= f.label :fist_name %><br />
    26:     <%= f.input :first_name, autocomplete: "first-name" %>
    27:   </div>
    28: 
    29:   <div class="field">
  
app/views/devise/registrations/new.html.erb:26
app/views/devise/registrations/new.html.erb:3
Started GET "/users/sign_up" for ::1 at 2024-06-19 17:33:21 +0200
Processing by Devise::RegistrationsController#new as HTML
  Rendering layout layouts/application.html.erb
  Rendering devise/registrations/new.html.erb within layouts/application
  Rendered devise/shared/_error_messages.html.erb (Duration: 0.6ms | Allocations: 209)
  Rendered devise/registrations/new.html.erb within layouts/application (Duration: 3.1ms | Allocations: 2757)
  Rendered layout layouts/application.html.erb (Duration: 3.2ms | Allocations: 2842)
Completed 500 Internal Server Error in 7ms (ActiveRecord: 0.0ms | Allocations: 4403)


  
ActionView::Template::Error ():
    22:   </div>
    23: 
    24:   <div class="field">
    25:     <%= raise %>
    26:     <%= f.label :fist_name %><br />
    27:     <%= f.input :first_name, autocomplete: "first-name" %>
    28:   </div>
  
app/views/devise/registrations/new.html.erb:25
app/views/devise/registrations/new.html.erb:3
Started PUT "/__web_console/repl_sessions/51c2b3ae462d81b5eb28783f3d249f81" for ::1 at 2024-06-19 17:33:24 +0200
Started GET "/users/sign_up" for ::1 at 2024-06-19 17:34:18 +0200
Processing by Devise::RegistrationsController#new as HTML
  Rendering layout layouts/application.html.erb
  Rendering devise/registrations/new.html.erb within layouts/application
  Rendered devise/shared/_error_messages.html.erb (Duration: 0.9ms | Allocations: 209)
  Rendered devise/registrations/new.html.erb within layouts/application (Duration: 8.6ms | Allocations: 4377)
  Rendered layout layouts/application.html.erb (Duration: 8.8ms | Allocations: 4463)
Completed 500 Internal Server Error in 12ms (ActiveRecord: 0.0ms | Allocations: 6039)


  
ActionView::Template::Error (undefined method `first_name' for #<ActionView::Helpers::FormBuilder:0x00007f8748709f28 @nested_child_index={}, @options={:allow_method_names_outside_object=>false, :skip_default_ids=>false, :as=>:user, :html=>{:class=>"new_user", :id=>"new_user"}, :method=>:post, :local=>true}, @template=#<ActionView::Base:0x0000000000c620>, @object=#<User id: nil, email: "", created_at: nil, updated_at: nil, first_name: nil, last_name: nil>, @object_name=:user, @default_options={:skip_default_ids=>false, :allow_method_names_outside_object=>false}, @default_html_options={}, @multipart=nil, @index=nil>

    '.freeze;@output_buffer.append=( f.first_name :first_name, autocomplete: "first-name" );@output_buffer.safe_append='
                                      ^^^^^^^^^^^
Did you mean?  field_name):
    23: 
    24:   <div class="field">
    25:     <%= f.label :fist_name %><br />
    26:     <%= f.first_name :first_name, autocomplete: "first-name" %>
    27:   </div>
    28: 
    29:   <div class="field">
  
app/views/devise/registrations/new.html.erb:26
app/views/devise/registrations/new.html.erb:3
Started PUT "/__web_console/repl_sessions/c8a267387c6fc483ce3884b4ae708d08" for ::1 at 2024-06-19 17:34:25 +0200
Started PUT "/__web_console/repl_sessions/c8a267387c6fc483ce3884b4ae708d08" for ::1 at 2024-06-19 17:34:29 +0200
Started PUT "/__web_console/repl_sessions/c8a267387c6fc483ce3884b4ae708d08" for ::1 at 2024-06-19 17:34:30 +0200
Started PUT "/__web_console/repl_sessions/c8a267387c6fc483ce3884b4ae708d08" for ::1 at 2024-06-19 17:34:34 +0200
Started PUT "/__web_console/repl_sessions/c8a267387c6fc483ce3884b4ae708d08" for ::1 at 2024-06-19 17:34:59 +0200
Started PUT "/__web_console/repl_sessions/c8a267387c6fc483ce3884b4ae708d08" for ::1 at 2024-06-19 17:35:31 +0200
Started PUT "/__web_console/repl_sessions/c8a267387c6fc483ce3884b4ae708d08" for ::1 at 2024-06-19 17:35:47 +0200
Started PUT "/__web_console/repl_sessions/c8a267387c6fc483ce3884b4ae708d08" for ::1 at 2024-06-19 17:35:48 +0200
Started PUT "/__web_console/repl_sessions/c8a267387c6fc483ce3884b4ae708d08" for ::1 at 2024-06-19 17:35:53 +0200
Started GET "/users/sign_up" for ::1 at 2024-06-19 17:36:54 +0200
Processing by Devise::RegistrationsController#new as HTML
  Rendering layout layouts/application.html.erb
  Rendering devise/registrations/new.html.erb within layouts/application
  Rendered devise/shared/_error_messages.html.erb (Duration: 1.8ms | Allocations: 209)
  Rendered devise/shared/_links.html.erb (Duration: 2.0ms | Allocations: 488)
  Rendered devise/registrations/new.html.erb within layouts/application (Duration: 9.2ms | Allocations: 3061)
  Rendered layout layouts/application.html.erb (Duration: 15.2ms | Allocations: 4766)
Completed 200 OK in 21ms (Views: 17.6ms | ActiveRecord: 0.0ms | Allocations: 6364)


Started POST "/users" for ::1 at 2024-06-19 17:37:23 +0200
Processing by Devise::RegistrationsController#create as TURBO_STREAM
  Parameters: {"authenticity_token"=>"[FILTERED]", "user"=>{"email"=>"example@gmail.com", "password"=>"[FILTERED]", "password_confirmation"=>"[FILTERED]", "first_name"=>"Thibaut", "last_name"=>"roland"}, "commit"=>"Sign up"}
[31mUnpermitted parameters: :first_name, :last_name. Context: { controller: Devise::RegistrationsController, action: create, request: #<ActionDispatch::Request:0x00007f8741868880>, params: {"authenticity_token"=>"[FILTERED]", "user"=>{"email"=>"example@gmail.com", "password"=>"[FILTERED]", "password_confirmation"=>"[FILTERED]", "first_name"=>"Thibaut", "last_name"=>"roland"}, "commit"=>"Sign up", "controller"=>"devise/registrations", "action"=>"create"} }[0m
  [1m[36mTRANSACTION (1.3ms)[0m  [1m[35mBEGIN[0m
  [1m[36mUser Exists? (6.0ms)[0m  [1m[34mSELECT 1 AS one FROM "users" WHERE "users"."email" = $1 LIMIT $2[0m  [["email", "example@gmail.com"], ["LIMIT", 1]]
  [1m[36mCACHE User Exists? (0.0ms)[0m  [1m[34mSELECT 1 AS one FROM "users" WHERE "users"."email" = $1 LIMIT $2[0m  [["email", "example@gmail.com"], ["LIMIT", 1]]
  [1m[36mTRANSACTION (1.8ms)[0m  [1m[31mROLLBACK[0m
  Rendering layout layouts/application.html.erb
  Rendering devise/registrations/new.html.erb within layouts/application
  Rendered devise/shared/_error_messages.html.erb (Duration: 1.6ms | Allocations: 934)
  Rendered devise/shared/_links.html.erb (Duration: 0.2ms | Allocations: 79)
  Rendered devise/registrations/new.html.erb within layouts/application (Duration: 5.3ms | Allocations: 3433)
  Rendered layout layouts/application.html.erb (Duration: 6.6ms | Allocations: 4870)
Completed 422 Unprocessable Entity in 332ms (Views: 7.2ms | ActiveRecord: 34.1ms | Allocations: 18330)


Started POST "/users" for ::1 at 2024-06-19 17:37:57 +0200
Processing by Devise::RegistrationsController#create as TURBO_STREAM
  Parameters: {"authenticity_token"=>"[FILTERED]", "user"=>{"email"=>"example@gmail.com", "password"=>"[FILTERED]", "password_confirmation"=>"[FILTERED]", "first_name"=>"Thibaut", "last_name"=>"Roland"}, "commit"=>"Sign up"}
[31mUnpermitted parameters: :first_name, :last_name. Context: { controller: Devise::RegistrationsController, action: create, request: #<ActionDispatch::Request:0x00007f87487308d0>, params: {"authenticity_token"=>"[FILTERED]", "user"=>{"email"=>"example@gmail.com", "password"=>"[FILTERED]", "password_confirmation"=>"[FILTERED]", "first_name"=>"Thibaut", "last_name"=>"Roland"}, "commit"=>"Sign up", "controller"=>"devise/registrations", "action"=>"create"} }[0m
  [1m[36mTRANSACTION (0.7ms)[0m  [1m[35mBEGIN[0m
  [1m[36mUser Exists? (2.1ms)[0m  [1m[34mSELECT 1 AS one FROM "users" WHERE "users"."email" = $1 LIMIT $2[0m  [["email", "example@gmail.com"], ["LIMIT", 1]]
  [1m[36mCACHE User Exists? (0.0ms)[0m  [1m[34mSELECT 1 AS one FROM "users" WHERE "users"."email" = $1 LIMIT $2[0m  [["email", "example@gmail.com"], ["LIMIT", 1]]
  [1m[36mTRANSACTION (0.9ms)[0m  [1m[31mROLLBACK[0m
  Rendering layout layouts/application.html.erb
  Rendering devise/registrations/new.html.erb within layouts/application
  Rendered devise/shared/_error_messages.html.erb (Duration: 0.5ms | Allocations: 747)
  Rendered devise/shared/_links.html.erb (Duration: 0.2ms | Allocations: 78)
  Rendered devise/registrations/new.html.erb within layouts/application (Duration: 3.0ms | Allocations: 3150)
  Rendered layout layouts/application.html.erb (Duration: 4.4ms | Allocations: 4473)
Completed 422 Unprocessable Entity in 223ms (Views: 5.0ms | ActiveRecord: 3.8ms | Allocations: 10931)


Started GET "/users/sign_up" for ::1 at 2024-06-19 17:40:55 +0200
  [1m[36mActiveRecord::SchemaMigration Pluck (2.9ms)[0m  [1m[34mSELECT "schema_migrations"."version" FROM "schema_migrations" ORDER BY "schema_migrations"."version" ASC[0m
Processing by Devise::RegistrationsController#new as HTML
  Rendering layout layouts/application.html.erb
  Rendering devise/registrations/new.html.erb within layouts/application
  Rendered devise/shared/_error_messages.html.erb (Duration: 1.8ms | Allocations: 260)
  Rendered devise/shared/_links.html.erb (Duration: 1.7ms | Allocations: 625)
  Rendered devise/registrations/new.html.erb within layouts/application (Duration: 13.8ms | Allocations: 5180)
  Rendered layout layouts/application.html.erb (Duration: 87.7ms | Allocations: 38018)
Completed 200 OK in 149ms (Views: 100.5ms | ActiveRecord: 13.2ms | Allocations: 50352)


Started POST "/users" for ::1 at 2024-06-19 17:41:09 +0200
Processing by Devise::RegistrationsController#create as TURBO_STREAM
  Parameters: {"authenticity_token"=>"[FILTERED]", "user"=>{"email"=>"example@gmail.com", "password"=>"[FILTERED]", "password_confirmation"=>"[FILTERED]", "first_name"=>"Thibaut", "last_name"=>"roland"}, "commit"=>"Sign up"}
[31mUnpermitted parameters: :first_name, :last_name. Context: { controller: Devise::RegistrationsController, action: create, request: #<ActionDispatch::Request:0x00007fead1f40c40>, params: {"authenticity_token"=>"[FILTERED]", "user"=>{"email"=>"example@gmail.com", "password"=>"[FILTERED]", "password_confirmation"=>"[FILTERED]", "first_name"=>"Thibaut", "last_name"=>"roland"}, "commit"=>"Sign up", "controller"=>"devise/registrations", "action"=>"create"} }[0m
  [1m[36mTRANSACTION (1.0ms)[0m  [1m[35mBEGIN[0m
  [1m[36mUser Exists? (2.3ms)[0m  [1m[34mSELECT 1 AS one FROM "users" WHERE "users"."email" = $1 LIMIT $2[0m  [["email", "example@gmail.com"], ["LIMIT", 1]]
  [1m[36mCACHE User Exists? (0.0ms)[0m  [1m[34mSELECT 1 AS one FROM "users" WHERE "users"."email" = $1 LIMIT $2[0m  [["email", "example@gmail.com"], ["LIMIT", 1]]
  [1m[36mTRANSACTION (0.7ms)[0m  [1m[31mROLLBACK[0m
  Rendering layout layouts/application.html.erb
  Rendering devise/registrations/new.html.erb within layouts/application
  Rendered devise/shared/_error_messages.html.erb (Duration: 0.8ms | Allocations: 917)
  Rendered devise/shared/_links.html.erb (Duration: 0.1ms | Allocations: 79)
  Rendered devise/registrations/new.html.erb within layouts/application (Duration: 3.1ms | Allocations: 3674)
  Rendered layout layouts/application.html.erb (Duration: 4.3ms | Allocations: 5116)
Completed 422 Unprocessable Entity in 238ms (Views: 4.8ms | ActiveRecord: 4.0ms | Allocations: 15407)


Started GET "/users/sign_up" for ::1 at 2024-06-19 17:49:47 +0200
  [1m[36mActiveRecord::SchemaMigration Pluck (1.5ms)[0m  [1m[34mSELECT "schema_migrations"."version" FROM "schema_migrations" ORDER BY "schema_migrations"."version" ASC[0m
Processing by Devise::RegistrationsController#new as HTML
  Rendering layout layouts/application.html.erb
  Rendering devise/registrations/new.html.erb within layouts/application
  Rendered devise/shared/_error_messages.html.erb (Duration: 1.6ms | Allocations: 260)
  Rendered devise/shared/_links.html.erb (Duration: 1.9ms | Allocations: 625)
  Rendered devise/registrations/new.html.erb within layouts/application (Duration: 15.4ms | Allocations: 5180)
  Rendered layout layouts/application.html.erb (Duration: 78.5ms | Allocations: 37890)
Completed 200 OK in 127ms (Views: 94.6ms | ActiveRecord: 9.3ms | Allocations: 50422)


Started POST "/users" for ::1 at 2024-06-19 17:50:02 +0200
Processing by Devise::RegistrationsController#create as TURBO_STREAM
  Parameters: {"authenticity_token"=>"[FILTERED]", "user"=>{"email"=>"example@gmail.com", "password"=>"[FILTERED]", "password_confirmation"=>"[FILTERED]", "first_name"=>"Thibaut", "last_name"=>"Roland"}, "commit"=>"Sign up"}
  [1m[36mTRANSACTION (1.1ms)[0m  [1m[35mBEGIN[0m
  [1m[36mUser Exists? (2.0ms)[0m  [1m[34mSELECT 1 AS one FROM "users" WHERE "users"."email" = $1 LIMIT $2[0m  [["email", "example@gmail.com"], ["LIMIT", 1]]
  [1m[36mCACHE User Exists? (0.0ms)[0m  [1m[34mSELECT 1 AS one FROM "users" WHERE "users"."email" = $1 LIMIT $2[0m  [["email", "example@gmail.com"], ["LIMIT", 1]]
  [1m[36mUser Create (10.0ms)[0m  [1m[32mINSERT INTO "users" ("email", "encrypted_password", "reset_password_token", "reset_password_sent_at", "remember_created_at", "created_at", "updated_at", "first_name", "last_name") VALUES ($1, $2, $3, $4, $5, $6, $7, $8, $9) RETURNING "id"[0m  [["email", "example@gmail.com"], ["encrypted_password", "[FILTERED]"], ["reset_password_token", "[FILTERED]"], ["reset_password_sent_at", "[FILTERED]"], ["remember_created_at", nil], ["created_at", "2024-06-19 15:50:02.493929"], ["updated_at", "2024-06-19 15:50:02.493929"], ["first_name", "Thibaut"], ["last_name", "Roland"]]
  [1m[36mTRANSACTION (7.7ms)[0m  [1m[35mCOMMIT[0m
Redirected to http://localhost:3000/
Completed 303 See Other in 244ms (ActiveRecord: 20.7ms | Allocations: 12190)


Started GET "/" for ::1 at 2024-06-19 17:50:02 +0200
Processing by Rails::WelcomeController#index as TURBO_STREAM
  Rendering /home/thibautrld/.rbenv/versions/3.1.2/lib/ruby/gems/3.1.0/gems/railties-7.0.8.4/lib/rails/templates/rails/welcome/index.html.erb
  Rendered /home/thibautrld/.rbenv/versions/3.1.2/lib/ruby/gems/3.1.0/gems/railties-7.0.8.4/lib/rails/templates/rails/welcome/index.html.erb (Duration: 1.9ms | Allocations: 302)
Completed 200 OK in 6ms (Views: 3.7ms | ActiveRecord: 0.0ms | Allocations: 1236)


Started GET "/" for ::1 at 2024-06-19 17:50:02 +0200
Processing by Rails::WelcomeController#index as HTML
  Rendering /home/thibautrld/.rbenv/versions/3.1.2/lib/ruby/gems/3.1.0/gems/railties-7.0.8.4/lib/rails/templates/rails/welcome/index.html.erb
  Rendered /home/thibautrld/.rbenv/versions/3.1.2/lib/ruby/gems/3.1.0/gems/railties-7.0.8.4/lib/rails/templates/rails/welcome/index.html.erb (Duration: 0.7ms | Allocations: 295)
Completed 200 OK in 3ms (Views: 1.8ms | ActiveRecord: 0.0ms | Allocations: 1067)


  [1m[35m (2.1ms)[0m  [1m[34mSELECT pg_try_advisory_lock(8686747765840943820)[0m
  [1m[36mActiveRecord::SchemaMigration Pluck (2.9ms)[0m  [1m[34mSELECT "schema_migrations"."version" FROM "schema_migrations" ORDER BY "schema_migrations"."version" ASC[0m
Migrating to CreateTags (20240619160438)
  [1m[36mTRANSACTION (0.7ms)[0m  [1m[35mBEGIN[0m
  [1m[35m (52.9ms)[0m  [1m[35mCREATE TABLE "tags" ("id" bigserial primary key, "tag" character varying, "created_at" timestamp(6) NOT NULL, "updated_at" timestamp(6) NOT NULL)[0m
  [1m[36mActiveRecord::SchemaMigration Create (2.6ms)[0m  [1m[32mINSERT INTO "schema_migrations" ("version") VALUES ($1) RETURNING "version"[0m  [["version", "20240619160438"]]
  [1m[36mTRANSACTION (5.6ms)[0m  [1m[35mCOMMIT[0m
Migrating to CreateMessages (20240619160639)
  [1m[36mTRANSACTION (0.7ms)[0m  [1m[35mBEGIN[0m
  [1m[35m (26.3ms)[0m  [1m[35mCREATE TABLE "messages" ("id" bigserial primary key, "content" text, "tag_id" bigint NOT NULL, "user_id" bigint NOT NULL, "created_at" timestamp(6) NOT NULL, "updated_at" timestamp(6) NOT NULL, CONSTRAINT "fk_rails_21c88b09d9"
FOREIGN KEY ("tag_id")
  REFERENCES "tags" ("id")
, CONSTRAINT "fk_rails_273a25a7a6"
FOREIGN KEY ("user_id")
  REFERENCES "users" ("id")
)[0m
  [1m[35m (9.5ms)[0m  [1m[35mCREATE INDEX "index_messages_on_tag_id" ON "messages" ("tag_id")[0m
  [1m[35m (8.6ms)[0m  [1m[35mCREATE INDEX "index_messages_on_user_id" ON "messages" ("user_id")[0m
  [1m[36mActiveRecord::SchemaMigration Create (0.7ms)[0m  [1m[32mINSERT INTO "schema_migrations" ("version") VALUES ($1) RETURNING "version"[0m  [["version", "20240619160639"]]
  [1m[36mTRANSACTION (3.9ms)[0m  [1m[35mCOMMIT[0m
  [1m[36mActiveRecord::InternalMetadata Load (2.3ms)[0m  [1m[34mSELECT "ar_internal_metadata".* FROM "ar_internal_metadata" WHERE "ar_internal_metadata"."key" = $1 LIMIT $2[0m  [["key", "environment"], ["LIMIT", 1]]
  [1m[35m (1.3ms)[0m  [1m[34mSELECT pg_advisory_unlock(8686747765840943820)[0m
  [1m[36mActiveRecord::SchemaMigration Pluck (0.8ms)[0m  [1m[34mSELECT "schema_migrations"."version" FROM "schema_migrations" ORDER BY "schema_migrations"."version" ASC[0m
  [1m[36mActiveRecord::SchemaMigration Pluck (1.6ms)[0m  [1m[34mSELECT "schema_migrations"."version" FROM "schema_migrations" ORDER BY "schema_migrations"."version" ASC[0m
  [1m[36mTag Load (1.8ms)[0m  [1m[34mSELECT "tags".* FROM "tags"[0m
  [1m[36mTRANSACTION (1.0ms)[0m  [1m[35mBEGIN[0m
  [1m[36mTag Create (5.6ms)[0m  [1m[32mINSERT INTO "tags" ("tag", "created_at", "updated_at") VALUES ($1, $2, $3) RETURNING "id"[0m  [["tag", "urgent"], ["created_at", "2024-06-19 16:39:27.410222"], ["updated_at", "2024-06-19 16:39:27.410222"]]
  [1m[36mTRANSACTION (4.5ms)[0m  [1m[35mCOMMIT[0m
  [1m[36mTRANSACTION (0.7ms)[0m  [1m[35mBEGIN[0m
  [1m[36mTag Create (1.2ms)[0m  [1m[32mINSERT INTO "tags" ("tag", "created_at", "updated_at") VALUES ($1, $2, $3) RETURNING "id"[0m  [["tag", "secret"], ["created_at", "2024-06-19 16:39:27.425444"], ["updated_at", "2024-06-19 16:39:27.425444"]]
  [1m[36mTRANSACTION (4.0ms)[0m  [1m[35mCOMMIT[0m
  [1m[36mTRANSACTION (0.5ms)[0m  [1m[35mBEGIN[0m
  [1m[36mTag Create (1.7ms)[0m  [1m[32mINSERT INTO "tags" ("tag", "created_at", "updated_at") VALUES ($1, $2, $3) RETURNING "id"[0m  [["tag", "rigolo"], ["created_at", "2024-06-19 16:39:27.433855"], ["updated_at", "2024-06-19 16:39:27.433855"]]
  [1m[36mTRANSACTION (4.5ms)[0m  [1m[35mCOMMIT[0m
  [1m[36mActiveRecord::SchemaMigration Pluck (2.5ms)[0m  [1m[34mSELECT "schema_migrations"."version" FROM "schema_migrations" ORDER BY "schema_migrations"."version" ASC[0m
  [1m[36mTag Load (2.5ms)[0m  [1m[34mSELECT "tags".* FROM "tags"[0m
  [1m[36mTRANSACTION (0.9ms)[0m  [1m[35mBEGIN[0m
  [1m[36mTag Destroy (8.3ms)[0m  [1m[31mDELETE FROM "tags" WHERE "tags"."id" = $1[0m  [["id", 1]]
  [1m[36mTRANSACTION (6.3ms)[0m  [1m[35mCOMMIT[0m
  [1m[36mTRANSACTION (0.9ms)[0m  [1m[35mBEGIN[0m
  [1m[36mTag Destroy (0.9ms)[0m  [1m[31mDELETE FROM "tags" WHERE "tags"."id" = $1[0m  [["id", 2]]
  [1m[36mTRANSACTION (3.9ms)[0m  [1m[35mCOMMIT[0m
  [1m[36mTRANSACTION (0.8ms)[0m  [1m[35mBEGIN[0m
  [1m[36mTag Destroy (1.1ms)[0m  [1m[31mDELETE FROM "tags" WHERE "tags"."id" = $1[0m  [["id", 3]]
  [1m[36mTRANSACTION (4.1ms)[0m  [1m[35mCOMMIT[0m
  [1m[36mMessage Load (1.1ms)[0m  [1m[34mSELECT "messages".* FROM "messages"[0m
  [1m[36mUser Load (3.2ms)[0m  [1m[34mSELECT "users".* FROM "users"[0m
  [1m[36mTRANSACTION (1.0ms)[0m  [1m[35mBEGIN[0m
  [1m[36mUser Destroy (3.0ms)[0m  [1m[31mDELETE FROM "users" WHERE "users"."id" = $1[0m  [["id", 1]]
  [1m[36mTRANSACTION (4.7ms)[0m  [1m[35mCOMMIT[0m
  [1m[36mTRANSACTION (1.0ms)[0m  [1m[35mBEGIN[0m
  [1m[36mTag Create (4.1ms)[0m  [1m[32mINSERT INTO "tags" ("tag", "created_at", "updated_at") VALUES ($1, $2, $3) RETURNING "id"[0m  [["tag", "urgent"], ["created_at", "2024-06-19 16:53:36.023284"], ["updated_at", "2024-06-19 16:53:36.023284"]]
  [1m[36mTRANSACTION (4.3ms)[0m  [1m[35mCOMMIT[0m
  [1m[36mTRANSACTION (0.6ms)[0m  [1m[35mBEGIN[0m
  [1m[36mTag Create (1.2ms)[0m  [1m[32mINSERT INTO "tags" ("tag", "created_at", "updated_at") VALUES ($1, $2, $3) RETURNING "id"[0m  [["tag", "secret"], ["created_at", "2024-06-19 16:53:36.038898"], ["updated_at", "2024-06-19 16:53:36.038898"]]
  [1m[36mTRANSACTION (4.0ms)[0m  [1m[35mCOMMIT[0m
  [1m[36mTRANSACTION (0.5ms)[0m  [1m[35mBEGIN[0m
  [1m[36mTag Create (1.0ms)[0m  [1m[32mINSERT INTO "tags" ("tag", "created_at", "updated_at") VALUES ($1, $2, $3) RETURNING "id"[0m  [["tag", "rigolo"], ["created_at", "2024-06-19 16:53:36.050328"], ["updated_at", "2024-06-19 16:53:36.050328"]]
  [1m[36mTRANSACTION (4.4ms)[0m  [1m[35mCOMMIT[0m
  [1m[36mTRANSACTION (1.2ms)[0m  [1m[35mBEGIN[0m
  [1m[36mUser Exists? (2.0ms)[0m  [1m[34mSELECT 1 AS one FROM "users" WHERE "users"."email" = $1 LIMIT $2[0m  [["email", "goku@gmail.com"], ["LIMIT", 1]]
  [1m[36mCACHE User Exists? (0.0ms)[0m  [1m[34mSELECT 1 AS one FROM "users" WHERE "users"."email" = $1 LIMIT $2[0m  [["email", "goku@gmail.com"], ["LIMIT", 1]]
  [1m[36mUser Create (1.0ms)[0m  [1m[32mINSERT INTO "users" ("email", "encrypted_password", "reset_password_token", "reset_password_sent_at", "remember_created_at", "created_at", "updated_at", "first_name", "last_name") VALUES ($1, $2, $3, $4, $5, $6, $7, $8, $9) RETURNING "id"[0m  [["email", "goku@gmail.com"], ["encrypted_password", "[FILTERED]"], ["reset_password_token", "[FILTERED]"], ["reset_password_sent_at", "[FILTERED]"], ["remember_created_at", nil], ["created_at", "2024-06-19 16:53:36.287663"], ["updated_at", "2024-06-19 16:53:36.287663"], ["first_name", "Son"], ["last_name", "Goku"]]
  [1m[36mTRANSACTION (4.4ms)[0m  [1m[35mCOMMIT[0m
  [1m[36mTRANSACTION (1.0ms)[0m  [1m[35mBEGIN[0m
  [1m[36mUser Exists? (1.1ms)[0m  [1m[34mSELECT 1 AS one FROM "users" WHERE "users"."email" = $1 LIMIT $2[0m  [["email", "rocky.abbott@labadie-nikolaus.test"], ["LIMIT", 1]]
  [1m[36mCACHE User Exists? (0.0ms)[0m  [1m[34mSELECT 1 AS one FROM "users" WHERE "users"."email" = $1 LIMIT $2[0m  [["email", "rocky.abbott@labadie-nikolaus.test"], ["LIMIT", 1]]
  [1m[36mUser Create (1.2ms)[0m  [1m[32mINSERT INTO "users" ("email", "encrypted_password", "reset_password_token", "reset_password_sent_at", "remember_created_at", "created_at", "updated_at", "first_name", "last_name") VALUES ($1, $2, $3, $4, $5, $6, $7, $8, $9) RETURNING "id"[0m  [["email", "rocky.abbott@labadie-nikolaus.test"], ["encrypted_password", "[FILTERED]"], ["reset_password_token", "[FILTERED]"], ["reset_password_sent_at", "[FILTERED]"], ["remember_created_at", nil], ["created_at", "2024-06-19 16:53:37.745840"], ["updated_at", "2024-06-19 16:53:37.745840"], ["first_name", "Deena"], ["last_name", "Tillman"]]
  [1m[36mTRANSACTION (11.2ms)[0m  [1m[35mCOMMIT[0m
  [1m[36mTRANSACTION (1.2ms)[0m  [1m[35mBEGIN[0m
  [1m[36mUser Exists? (0.9ms)[0m  [1m[34mSELECT 1 AS one FROM "users" WHERE "users"."email" = $1 LIMIT $2[0m  [["email", "dimple.bradtke@morissette.example"], ["LIMIT", 1]]
  [1m[36mCACHE User Exists? (0.0ms)[0m  [1m[34mSELECT 1 AS one FROM "users" WHERE "users"."email" = $1 LIMIT $2[0m  [["email", "dimple.bradtke@morissette.example"], ["LIMIT", 1]]
  [1m[36mUser Create (1.2ms)[0m  [1m[32mINSERT INTO "users" ("email", "encrypted_password", "reset_password_token", "reset_password_sent_at", "remember_created_at", "created_at", "updated_at", "first_name", "last_name") VALUES ($1, $2, $3, $4, $5, $6, $7, $8, $9) RETURNING "id"[0m  [["email", "dimple.bradtke@morissette.example"], ["encrypted_password", "[FILTERED]"], ["reset_password_token", "[FILTERED]"], ["reset_password_sent_at", "[FILTERED]"], ["remember_created_at", nil], ["created_at", "2024-06-19 16:53:37.991567"], ["updated_at", "2024-06-19 16:53:37.991567"], ["first_name", "Oswaldo"], ["last_name", "Hammes"]]
  [1m[36mTRANSACTION (4.4ms)[0m  [1m[35mCOMMIT[0m
  [1m[36mTRANSACTION (1.3ms)[0m  [1m[35mBEGIN[0m
  [1m[36mUser Exists? (0.8ms)[0m  [1m[34mSELECT 1 AS one FROM "users" WHERE "users"."email" = $1 LIMIT $2[0m  [["email", "doyle@weissnat-kuhn.test"], ["LIMIT", 1]]
  [1m[36mCACHE User Exists? (0.0ms)[0m  [1m[34mSELECT 1 AS one FROM "users" WHERE "users"."email" = $1 LIMIT $2[0m  [["email", "doyle@weissnat-kuhn.test"], ["LIMIT", 1]]
  [1m[36mUser Create (1.8ms)[0m  [1m[32mINSERT INTO "users" ("email", "encrypted_password", "reset_password_token", "reset_password_sent_at", "remember_created_at", "created_at", "updated_at", "first_name", "last_name") VALUES ($1, $2, $3, $4, $5, $6, $7, $8, $9) RETURNING "id"[0m  [["email", "doyle@weissnat-kuhn.test"], ["encrypted_password", "[FILTERED]"], ["reset_password_token", "[FILTERED]"], ["reset_password_sent_at", "[FILTERED]"], ["remember_created_at", nil], ["created_at", "2024-06-19 16:53:38.229419"], ["updated_at", "2024-06-19 16:53:38.229419"], ["first_name", "Alyce"], ["last_name", "Grimes"]]
  [1m[36mTRANSACTION (4.2ms)[0m  [1m[35mCOMMIT[0m
  [1m[36mTRANSACTION (1.2ms)[0m  [1m[35mBEGIN[0m
  [1m[36mUser Exists? (1.0ms)[0m  [1m[34mSELECT 1 AS one FROM "users" WHERE "users"."email" = $1 LIMIT $2[0m  [["email", "merissa@kozey.test"], ["LIMIT", 1]]
  [1m[36mCACHE User Exists? (0.0ms)[0m  [1m[34mSELECT 1 AS one FROM "users" WHERE "users"."email" = $1 LIMIT $2[0m  [["email", "merissa@kozey.test"], ["LIMIT", 1]]
  [1m[36mUser Create (1.3ms)[0m  [1m[32mINSERT INTO "users" ("email", "encrypted_password", "reset_password_token", "reset_password_sent_at", "remember_created_at", "created_at", "updated_at", "first_name", "last_name") VALUES ($1, $2, $3, $4, $5, $6, $7, $8, $9) RETURNING "id"[0m  [["email", "merissa@kozey.test"], ["encrypted_password", "[FILTERED]"], ["reset_password_token", "[FILTERED]"], ["reset_password_sent_at", "[FILTERED]"], ["remember_created_at", nil], ["created_at", "2024-06-19 16:53:38.451966"], ["updated_at", "2024-06-19 16:53:38.451966"], ["first_name", "Becki"], ["last_name", "Runolfsson"]]
  [1m[36mTRANSACTION (5.5ms)[0m  [1m[35mCOMMIT[0m
  [1m[36mTRANSACTION (1.1ms)[0m  [1m[35mBEGIN[0m
  [1m[36mUser Exists? (2.3ms)[0m  [1m[34mSELECT 1 AS one FROM "users" WHERE "users"."email" = $1 LIMIT $2[0m  [["email", "leila_damore@gorczany.test"], ["LIMIT", 1]]
  [1m[36mCACHE User Exists? (0.0ms)[0m  [1m[34mSELECT 1 AS one FROM "users" WHERE "users"."email" = $1 LIMIT $2[0m  [["email", "leila_damore@gorczany.test"], ["LIMIT", 1]]
  [1m[36mUser Create (0.9ms)[0m  [1m[32mINSERT INTO "users" ("email", "encrypted_password", "reset_password_token", "reset_password_sent_at", "remember_created_at", "created_at", "updated_at", "first_name", "last_name") VALUES ($1, $2, $3, $4, $5, $6, $7, $8, $9) RETURNING "id"[0m  [["email", "leila_damore@gorczany.test"], ["encrypted_password", "[FILTERED]"], ["reset_password_token", "[FILTERED]"], ["reset_password_sent_at", "[FILTERED]"], ["remember_created_at", nil], ["created_at", "2024-06-19 16:53:38.669156"], ["updated_at", "2024-06-19 16:53:38.669156"], ["first_name", "Bertie"], ["last_name", "Walter"]]
  [1m[36mTRANSACTION (4.4ms)[0m  [1m[35mCOMMIT[0m
  [1m[36mTRANSACTION (1.2ms)[0m  [1m[35mBEGIN[0m
  [1m[36mUser Exists? (1.0ms)[0m  [1m[34mSELECT 1 AS one FROM "users" WHERE "users"."email" = $1 LIMIT $2[0m  [["email", "rich@feest.example"], ["LIMIT", 1]]
  [1m[36mCACHE User Exists? (0.0ms)[0m  [1m[34mSELECT 1 AS one FROM "users" WHERE "users"."email" = $1 LIMIT $2[0m  [["email", "rich@feest.example"], ["LIMIT", 1]]
  [1m[36mUser Create (2.2ms)[0m  [1m[32mINSERT INTO "users" ("email", "encrypted_password", "reset_password_token", "reset_password_sent_at", "remember_created_at", "created_at", "updated_at", "first_name", "last_name") VALUES ($1, $2, $3, $4, $5, $6, $7, $8, $9) RETURNING "id"[0m  [["email", "rich@feest.example"], ["encrypted_password", "[FILTERED]"], ["reset_password_token", "[FILTERED]"], ["reset_password_sent_at", "[FILTERED]"], ["remember_created_at", nil], ["created_at", "2024-06-19 16:53:38.889329"], ["updated_at", "2024-06-19 16:53:38.889329"], ["first_name", "Brady"], ["last_name", "Stamm"]]
  [1m[36mTRANSACTION (4.5ms)[0m  [1m[35mCOMMIT[0m
  [1m[36mTRANSACTION (1.1ms)[0m  [1m[35mBEGIN[0m
  [1m[36mUser Exists? (0.9ms)[0m  [1m[34mSELECT 1 AS one FROM "users" WHERE "users"."email" = $1 LIMIT $2[0m  [["email", "danilo@reynolds-cassin.test"], ["LIMIT", 1]]
  [1m[36mCACHE User Exists? (0.0ms)[0m  [1m[34mSELECT 1 AS one FROM "users" WHERE "users"."email" = $1 LIMIT $2[0m  [["email", "danilo@reynolds-cassin.test"], ["LIMIT", 1]]
  [1m[36mUser Create (1.0ms)[0m  [1m[32mINSERT INTO "users" ("email", "encrypted_password", "reset_password_token", "reset_password_sent_at", "remember_created_at", "created_at", "updated_at", "first_name", "last_name") VALUES ($1, $2, $3, $4, $5, $6, $7, $8, $9) RETURNING "id"[0m  [["email", "danilo@reynolds-cassin.test"], ["encrypted_password", "[FILTERED]"], ["reset_password_token", "[FILTERED]"], ["reset_password_sent_at", "[FILTERED]"], ["remember_created_at", nil], ["created_at", "2024-06-19 16:53:39.103423"], ["updated_at", "2024-06-19 16:53:39.103423"], ["first_name", "Jerome"], ["last_name", "Sauer"]]
  [1m[36mTRANSACTION (5.9ms)[0m  [1m[35mCOMMIT[0m
  [1m[36mTRANSACTION (1.1ms)[0m  [1m[35mBEGIN[0m
  [1m[36mUser Exists? (1.1ms)[0m  [1m[34mSELECT 1 AS one FROM "users" WHERE "users"."email" = $1 LIMIT $2[0m  [["email", "yong@barton.test"], ["LIMIT", 1]]
  [1m[36mCACHE User Exists? (0.0ms)[0m  [1m[34mSELECT 1 AS one FROM "users" WHERE "users"."email" = $1 LIMIT $2[0m  [["email", "yong@barton.test"], ["LIMIT", 1]]
  [1m[36mUser Create (1.9ms)[0m  [1m[32mINSERT INTO "users" ("email", "encrypted_password", "reset_password_token", "reset_password_sent_at", "remember_created_at", "created_at", "updated_at", "first_name", "last_name") VALUES ($1, $2, $3, $4, $5, $6, $7, $8, $9) RETURNING "id"[0m  [["email", "yong@barton.test"], ["encrypted_password", "[FILTERED]"], ["reset_password_token", "[FILTERED]"], ["reset_password_sent_at", "[FILTERED]"], ["remember_created_at", nil], ["created_at", "2024-06-19 16:53:39.326985"], ["updated_at", "2024-06-19 16:53:39.326985"], ["first_name", "Buddy"], ["last_name", "Runolfsson"]]
  [1m[36mTRANSACTION (5.1ms)[0m  [1m[35mCOMMIT[0m
  [1m[36mTRANSACTION (1.1ms)[0m  [1m[35mBEGIN[0m
  [1m[36mUser Exists? (1.0ms)[0m  [1m[34mSELECT 1 AS one FROM "users" WHERE "users"."email" = $1 LIMIT $2[0m  [["email", "bill.langosh@cruickshank-nicolas.example"], ["LIMIT", 1]]
  [1m[36mCACHE User Exists? (0.0ms)[0m  [1m[34mSELECT 1 AS one FROM "users" WHERE "users"."email" = $1 LIMIT $2[0m  [["email", "bill.langosh@cruickshank-nicolas.example"], ["LIMIT", 1]]
  [1m[36mUser Create (1.4ms)[0m  [1m[32mINSERT INTO "users" ("email", "encrypted_password", "reset_password_token", "reset_password_sent_at", "remember_created_at", "created_at", "updated_at", "first_name", "last_name") VALUES ($1, $2, $3, $4, $5, $6, $7, $8, $9) RETURNING "id"[0m  [["email", "bill.langosh@cruickshank-nicolas.example"], ["encrypted_password", "[FILTERED]"], ["reset_password_token", "[FILTERED]"], ["reset_password_sent_at", "[FILTERED]"], ["remember_created_at", nil], ["created_at", "2024-06-19 16:53:39.549367"], ["updated_at", "2024-06-19 16:53:39.549367"], ["first_name", "Ariel"], ["last_name", "Morissette"]]
  [1m[36mTRANSACTION (4.7ms)[0m  [1m[35mCOMMIT[0m
  [1m[36mUser Load (3.8ms)[0m  [1m[34mSELECT "users".* FROM "users" ORDER BY RANDOM() LIMIT $1[0m  [["LIMIT", 1]]
  [1m[36mTag Load (1.9ms)[0m  [1m[34mSELECT "tags".* FROM "tags" ORDER BY RANDOM() LIMIT $1[0m  [["LIMIT", 1]]
  [1m[36mTRANSACTION (0.7ms)[0m  [1m[35mBEGIN[0m
  [1m[36mMessage Create (3.4ms)[0m  [1m[32mINSERT INTO "messages" ("content", "tag_id", "user_id", "created_at", "updated_at") VALUES ($1, $2, $3, $4, $5) RETURNING "id"[0m  [["content", "Porro aut et numquam."], ["tag_id", 4], ["user_id", 9], ["created_at", "2024-06-19 16:53:39.585346"], ["updated_at", "2024-06-19 16:53:39.585346"]]
  [1m[36mTRANSACTION (4.0ms)[0m  [1m[35mCOMMIT[0m
  [1m[36mUser Load (0.9ms)[0m  [1m[34mSELECT "users".* FROM "users" ORDER BY RANDOM() LIMIT $1[0m  [["LIMIT", 1]]
  [1m[36mTag Load (1.0ms)[0m  [1m[34mSELECT "tags".* FROM "tags" ORDER BY RANDOM() LIMIT $1[0m  [["LIMIT", 1]]
  [1m[36mTRANSACTION (0.6ms)[0m  [1m[35mBEGIN[0m
  [1m[36mMessage Create (0.7ms)[0m  [1m[32mINSERT INTO "messages" ("content", "tag_id", "user_id", "created_at", "updated_at") VALUES ($1, $2, $3, $4, $5) RETURNING "id"[0m  [["content", "Et itaque omnis quo."], ["tag_id", 4], ["user_id", 9], ["created_at", "2024-06-19 16:53:39.600392"], ["updated_at", "2024-06-19 16:53:39.600392"]]
  [1m[36mTRANSACTION (3.7ms)[0m  [1m[35mCOMMIT[0m
  [1m[36mUser Load (0.8ms)[0m  [1m[34mSELECT "users".* FROM "users" ORDER BY RANDOM() LIMIT $1[0m  [["LIMIT", 1]]
  [1m[36mTag Load (0.7ms)[0m  [1m[34mSELECT "tags".* FROM "tags" ORDER BY RANDOM() LIMIT $1[0m  [["LIMIT", 1]]
  [1m[36mTRANSACTION (0.7ms)[0m  [1m[35mBEGIN[0m
  [1m[36mMessage Create (1.2ms)[0m  [1m[32mINSERT INTO "messages" ("content", "tag_id", "user_id", "created_at", "updated_at") VALUES ($1, $2, $3, $4, $5) RETURNING "id"[0m  [["content", "Vero deserunt omnis eveniet."], ["tag_id", 4], ["user_id", 9], ["created_at", "2024-06-19 16:53:39.611497"], ["updated_at", "2024-06-19 16:53:39.611497"]]
  [1m[36mTRANSACTION (3.8ms)[0m  [1m[35mCOMMIT[0m
  [1m[36mUser Load (0.7ms)[0m  [1m[34mSELECT "users".* FROM "users" ORDER BY RANDOM() LIMIT $1[0m  [["LIMIT", 1]]
  [1m[36mTag Load (0.9ms)[0m  [1m[34mSELECT "tags".* FROM "tags" ORDER BY RANDOM() LIMIT $1[0m  [["LIMIT", 1]]
  [1m[36mTRANSACTION (1.6ms)[0m  [1m[35mBEGIN[0m
  [1m[36mMessage Create (0.8ms)[0m  [1m[32mINSERT INTO "messages" ("content", "tag_id", "user_id", "created_at", "updated_at") VALUES ($1, $2, $3, $4, $5) RETURNING "id"[0m  [["content", "Non voluptates natus incidunt."], ["tag_id", 6], ["user_id", 11], ["created_at", "2024-06-19 16:53:39.623659"], ["updated_at", "2024-06-19 16:53:39.623659"]]
  [1m[36mTRANSACTION (3.7ms)[0m  [1m[35mCOMMIT[0m
  [1m[36mUser Load (0.7ms)[0m  [1m[34mSELECT "users".* FROM "users" ORDER BY RANDOM() LIMIT $1[0m  [["LIMIT", 1]]
  [1m[36mTag Load (0.6ms)[0m  [1m[34mSELECT "tags".* FROM "tags" ORDER BY RANDOM() LIMIT $1[0m  [["LIMIT", 1]]
  [1m[36mTRANSACTION (0.5ms)[0m  [1m[35mBEGIN[0m
  [1m[36mMessage Create (0.6ms)[0m  [1m[32mINSERT INTO "messages" ("content", "tag_id", "user_id", "created_at", "updated_at") VALUES ($1, $2, $3, $4, $5) RETURNING "id"[0m  [["content", "Et animi adipisci facere."], ["tag_id", 5], ["user_id", 6], ["created_at", "2024-06-19 16:53:39.635132"], ["updated_at", "2024-06-19 16:53:39.635132"]]
  [1m[36mTRANSACTION (3.8ms)[0m  [1m[35mCOMMIT[0m
  [1m[36mUser Load (0.9ms)[0m  [1m[34mSELECT "users".* FROM "users" ORDER BY RANDOM() LIMIT $1[0m  [["LIMIT", 1]]
  [1m[36mTag Load (0.6ms)[0m  [1m[34mSELECT "tags".* FROM "tags" ORDER BY RANDOM() LIMIT $1[0m  [["LIMIT", 1]]
  [1m[36mTRANSACTION (0.5ms)[0m  [1m[35mBEGIN[0m
  [1m[36mMessage Create (1.3ms)[0m  [1m[32mINSERT INTO "messages" ("content", "tag_id", "user_id", "created_at", "updated_at") VALUES ($1, $2, $3, $4, $5) RETURNING "id"[0m  [["content", "Impedit porro neque laboriosam."], ["tag_id", 5], ["user_id", 9], ["created_at", "2024-06-19 16:53:39.645367"], ["updated_at", "2024-06-19 16:53:39.645367"]]
  [1m[36mTRANSACTION (3.6ms)[0m  [1m[35mCOMMIT[0m
  [1m[36mUser Load (0.7ms)[0m  [1m[34mSELECT "users".* FROM "users" ORDER BY RANDOM() LIMIT $1[0m  [["LIMIT", 1]]
  [1m[36mTag Load (0.8ms)[0m  [1m[34mSELECT "tags".* FROM "tags" ORDER BY RANDOM() LIMIT $1[0m  [["LIMIT", 1]]
  [1m[36mTRANSACTION (0.6ms)[0m  [1m[35mBEGIN[0m
  [1m[36mMessage Create (0.7ms)[0m  [1m[32mINSERT INTO "messages" ("content", "tag_id", "user_id", "created_at", "updated_at") VALUES ($1, $2, $3, $4, $5) RETURNING "id"[0m  [["content", "Suscipit ut dignissimos qui."], ["tag_id", 4], ["user_id", 2], ["created_at", "2024-06-19 16:53:39.656796"], ["updated_at", "2024-06-19 16:53:39.656796"]]
  [1m[36mTRANSACTION (4.0ms)[0m  [1m[35mCOMMIT[0m
  [1m[36mUser Load (1.1ms)[0m  [1m[34mSELECT "users".* FROM "users" ORDER BY RANDOM() LIMIT $1[0m  [["LIMIT", 1]]
  [1m[36mTag Load (0.6ms)[0m  [1m[34mSELECT "tags".* FROM "tags" ORDER BY RANDOM() LIMIT $1[0m  [["LIMIT", 1]]
  [1m[36mTRANSACTION (0.5ms)[0m  [1m[35mBEGIN[0m
  [1m[36mMessage Create (0.6ms)[0m  [1m[32mINSERT INTO "messages" ("content", "tag_id", "user_id", "created_at", "updated_at") VALUES ($1, $2, $3, $4, $5) RETURNING "id"[0m  [["content", "Consequatur nemo totam iste."], ["tag_id", 4], ["user_id", 3], ["created_at", "2024-06-19 16:53:39.668395"], ["updated_at", "2024-06-19 16:53:39.668395"]]
  [1m[36mTRANSACTION (3.8ms)[0m  [1m[35mCOMMIT[0m
  [1m[36mUser Load (0.7ms)[0m  [1m[34mSELECT "users".* FROM "users" ORDER BY RANDOM() LIMIT $1[0m  [["LIMIT", 1]]
  [1m[36mTag Load (0.7ms)[0m  [1m[34mSELECT "tags".* FROM "tags" ORDER BY RANDOM() LIMIT $1[0m  [["LIMIT", 1]]
  [1m[36mTRANSACTION (0.5ms)[0m  [1m[35mBEGIN[0m
  [1m[36mMessage Create (0.6ms)[0m  [1m[32mINSERT INTO "messages" ("content", "tag_id", "user_id", "created_at", "updated_at") VALUES ($1, $2, $3, $4, $5) RETURNING "id"[0m  [["content", "Expedita ipsum sed fuga."], ["tag_id", 6], ["user_id", 4], ["created_at", "2024-06-19 16:53:39.678995"], ["updated_at", "2024-06-19 16:53:39.678995"]]
  [1m[36mTRANSACTION (3.7ms)[0m  [1m[35mCOMMIT[0m
  [1m[36mUser Load (0.6ms)[0m  [1m[34mSELECT "users".* FROM "users" ORDER BY RANDOM() LIMIT $1[0m  [["LIMIT", 1]]
  [1m[36mTag Load (1.4ms)[0m  [1m[34mSELECT "tags".* FROM "tags" ORDER BY RANDOM() LIMIT $1[0m  [["LIMIT", 1]]
  [1m[36mTRANSACTION (0.5ms)[0m  [1m[35mBEGIN[0m
  [1m[36mMessage Create (0.6ms)[0m  [1m[32mINSERT INTO "messages" ("content", "tag_id", "user_id", "created_at", "updated_at") VALUES ($1, $2, $3, $4, $5) RETURNING "id"[0m  [["content", "Aut temporibus iure eum."], ["tag_id", 6], ["user_id", 9], ["created_at", "2024-06-19 16:53:39.689744"], ["updated_at", "2024-06-19 16:53:39.689744"]]
  [1m[36mTRANSACTION (3.7ms)[0m  [1m[35mCOMMIT[0m
  [1m[36mUser Load (1.2ms)[0m  [1m[34mSELECT "users".* FROM "users" ORDER BY RANDOM() LIMIT $1[0m  [["LIMIT", 1]]
  [1m[36mTag Load (1.1ms)[0m  [1m[34mSELECT "tags".* FROM "tags" ORDER BY RANDOM() LIMIT $1[0m  [["LIMIT", 1]]
  [1m[36mTRANSACTION (0.8ms)[0m  [1m[35mBEGIN[0m
  [1m[36mMessage Create (1.2ms)[0m  [1m[32mINSERT INTO "messages" ("content", "tag_id", "user_id", "created_at", "updated_at") VALUES ($1, $2, $3, $4, $5) RETURNING "id"[0m  [["content", "Qui non harum at."], ["tag_id", 4], ["user_id", 7], ["created_at", "2024-06-19 16:53:39.710464"], ["updated_at", "2024-06-19 16:53:39.710464"]]
  [1m[36mTRANSACTION (4.6ms)[0m  [1m[35mCOMMIT[0m
  [1m[36mUser Load (0.9ms)[0m  [1m[34mSELECT "users".* FROM "users" ORDER BY RANDOM() LIMIT $1[0m  [["LIMIT", 1]]
  [1m[36mTag Load (0.8ms)[0m  [1m[34mSELECT "tags".* FROM "tags" ORDER BY RANDOM() LIMIT $1[0m  [["LIMIT", 1]]
  [1m[36mTRANSACTION (0.7ms)[0m  [1m[35mBEGIN[0m
  [1m[36mMessage Create (0.7ms)[0m  [1m[32mINSERT INTO "messages" ("content", "tag_id", "user_id", "created_at", "updated_at") VALUES ($1, $2, $3, $4, $5) RETURNING "id"[0m  [["content", "Est quas animi harum."], ["tag_id", 4], ["user_id", 5], ["created_at", "2024-06-19 16:53:39.722764"], ["updated_at", "2024-06-19 16:53:39.722764"]]
  [1m[36mTRANSACTION (4.2ms)[0m  [1m[35mCOMMIT[0m
  [1m[36mUser Load (0.9ms)[0m  [1m[34mSELECT "users".* FROM "users" ORDER BY RANDOM() LIMIT $1[0m  [["LIMIT", 1]]
  [1m[36mTag Load (0.7ms)[0m  [1m[34mSELECT "tags".* FROM "tags" ORDER BY RANDOM() LIMIT $1[0m  [["LIMIT", 1]]
  [1m[36mTRANSACTION (1.2ms)[0m  [1m[35mBEGIN[0m
  [1m[36mMessage Create (1.4ms)[0m  [1m[32mINSERT INTO "messages" ("content", "tag_id", "user_id", "created_at", "updated_at") VALUES ($1, $2, $3, $4, $5) RETURNING "id"[0m  [["content", "Quis fuga dolorem nihil."], ["tag_id", 6], ["user_id", 3], ["created_at", "2024-06-19 16:53:39.734145"], ["updated_at", "2024-06-19 16:53:39.734145"]]
  [1m[36mTRANSACTION (3.8ms)[0m  [1m[35mCOMMIT[0m
  [1m[36mUser Load (0.8ms)[0m  [1m[34mSELECT "users".* FROM "users" ORDER BY RANDOM() LIMIT $1[0m  [["LIMIT", 1]]
  [1m[36mTag Load (0.6ms)[0m  [1m[34mSELECT "tags".* FROM "tags" ORDER BY RANDOM() LIMIT $1[0m  [["LIMIT", 1]]
  [1m[36mTRANSACTION (0.5ms)[0m  [1m[35mBEGIN[0m
  [1m[36mMessage Create (0.9ms)[0m  [1m[32mINSERT INTO "messages" ("content", "tag_id", "user_id", "created_at", "updated_at") VALUES ($1, $2, $3, $4, $5) RETURNING "id"[0m  [["content", "Soluta perspiciatis nulla rerum."], ["tag_id", 5], ["user_id", 7], ["created_at", "2024-06-19 16:53:39.746681"], ["updated_at", "2024-06-19 16:53:39.746681"]]
  [1m[36mTRANSACTION (4.3ms)[0m  [1m[35mCOMMIT[0m
  [1m[36mUser Load (1.6ms)[0m  [1m[34mSELECT "users".* FROM "users" ORDER BY RANDOM() LIMIT $1[0m  [["LIMIT", 1]]
  [1m[36mTag Load (0.8ms)[0m  [1m[34mSELECT "tags".* FROM "tags" ORDER BY RANDOM() LIMIT $1[0m  [["LIMIT", 1]]
  [1m[36mTRANSACTION (0.5ms)[0m  [1m[35mBEGIN[0m
  [1m[36mMessage Create (1.4ms)[0m  [1m[32mINSERT INTO "messages" ("content", "tag_id", "user_id", "created_at", "updated_at") VALUES ($1, $2, $3, $4, $5) RETURNING "id"[0m  [["content", "Iste at voluptatem ut."], ["tag_id", 5], ["user_id", 5], ["created_at", "2024-06-19 16:53:39.758961"], ["updated_at", "2024-06-19 16:53:39.758961"]]
  [1m[36mTRANSACTION (4.3ms)[0m  [1m[35mCOMMIT[0m
  [1m[36mUser Load (0.8ms)[0m  [1m[34mSELECT "users".* FROM "users" ORDER BY RANDOM() LIMIT $1[0m  [["LIMIT", 1]]
  [1m[36mTag Load (0.7ms)[0m  [1m[34mSELECT "tags".* FROM "tags" ORDER BY RANDOM() LIMIT $1[0m  [["LIMIT", 1]]
  [1m[36mTRANSACTION (0.7ms)[0m  [1m[35mBEGIN[0m
  [1m[36mMessage Create (1.4ms)[0m  [1m[32mINSERT INTO "messages" ("content", "tag_id", "user_id", "created_at", "updated_at") VALUES ($1, $2, $3, $4, $5) RETURNING "id"[0m  [["content", "Ipsam aut quo accusantium."], ["tag_id", 5], ["user_id", 7], ["created_at", "2024-06-19 16:53:39.770281"], ["updated_at", "2024-06-19 16:53:39.770281"]]
  [1m[36mTRANSACTION (4.2ms)[0m  [1m[35mCOMMIT[0m
  [1m[36mUser Load (0.9ms)[0m  [1m[34mSELECT "users".* FROM "users" ORDER BY RANDOM() LIMIT $1[0m  [["LIMIT", 1]]
  [1m[36mTag Load (0.8ms)[0m  [1m[34mSELECT "tags".* FROM "tags" ORDER BY RANDOM() LIMIT $1[0m  [["LIMIT", 1]]
  [1m[36mTRANSACTION (0.6ms)[0m  [1m[35mBEGIN[0m
  [1m[36mMessage Create (0.7ms)[0m  [1m[32mINSERT INTO "messages" ("content", "tag_id", "user_id", "created_at", "updated_at") VALUES ($1, $2, $3, $4, $5) RETURNING "id"[0m  [["content", "Voluptas voluptas tenetur amet."], ["tag_id", 5], ["user_id", 3], ["created_at", "2024-06-19 16:53:39.782252"], ["updated_at", "2024-06-19 16:53:39.782252"]]
  [1m[36mTRANSACTION (3.9ms)[0m  [1m[35mCOMMIT[0m
  [1m[36mUser Load (0.7ms)[0m  [1m[34mSELECT "users".* FROM "users" ORDER BY RANDOM() LIMIT $1[0m  [["LIMIT", 1]]
  [1m[36mTag Load (0.6ms)[0m  [1m[34mSELECT "tags".* FROM "tags" ORDER BY RANDOM() LIMIT $1[0m  [["LIMIT", 1]]
  [1m[36mTRANSACTION (0.4ms)[0m  [1m[35mBEGIN[0m
  [1m[36mMessage Create (0.6ms)[0m  [1m[32mINSERT INTO "messages" ("content", "tag_id", "user_id", "created_at", "updated_at") VALUES ($1, $2, $3, $4, $5) RETURNING "id"[0m  [["content", "Sed quidem voluptatum quasi."], ["tag_id", 5], ["user_id", 7], ["created_at", "2024-06-19 16:53:39.792587"], ["updated_at", "2024-06-19 16:53:39.792587"]]
  [1m[36mTRANSACTION (3.9ms)[0m  [1m[35mCOMMIT[0m
  [1m[36mUser Load (1.1ms)[0m  [1m[34mSELECT "users".* FROM "users" ORDER BY RANDOM() LIMIT $1[0m  [["LIMIT", 1]]
  [1m[36mTag Load (0.6ms)[0m  [1m[34mSELECT "tags".* FROM "tags" ORDER BY RANDOM() LIMIT $1[0m  [["LIMIT", 1]]
  [1m[36mTRANSACTION (0.5ms)[0m  [1m[35mBEGIN[0m
  [1m[36mMessage Create (1.0ms)[0m  [1m[32mINSERT INTO "messages" ("content", "tag_id", "user_id", "created_at", "updated_at") VALUES ($1, $2, $3, $4, $5) RETURNING "id"[0m  [["content", "Accusantium dolor consequatur qui."], ["tag_id", 5], ["user_id", 3], ["created_at", "2024-06-19 16:53:39.803016"], ["updated_at", "2024-06-19 16:53:39.803016"]]
  [1m[36mTRANSACTION (4.1ms)[0m  [1m[35mCOMMIT[0m
  [1m[36mUser Load (0.8ms)[0m  [1m[34mSELECT "users".* FROM "users" ORDER BY RANDOM() LIMIT $1[0m  [["LIMIT", 1]]
  [1m[36mTag Load (0.6ms)[0m  [1m[34mSELECT "tags".* FROM "tags" ORDER BY RANDOM() LIMIT $1[0m  [["LIMIT", 1]]
  [1m[36mTRANSACTION (0.5ms)[0m  [1m[35mBEGIN[0m
  [1m[36mMessage Create (0.6ms)[0m  [1m[32mINSERT INTO "messages" ("content", "tag_id", "user_id", "created_at", "updated_at") VALUES ($1, $2, $3, $4, $5) RETURNING "id"[0m  [["content", "Ea eos et voluptas."], ["tag_id", 4], ["user_id", 4], ["created_at", "2024-06-19 16:53:39.814045"], ["updated_at", "2024-06-19 16:53:39.814045"]]
  [1m[36mTRANSACTION (3.7ms)[0m  [1m[35mCOMMIT[0m
Started GET "/" for ::1 at 2024-06-19 18:59:26 +0200
  [1m[36mActiveRecord::SchemaMigration Pluck (0.9ms)[0m  [1m[34mSELECT "schema_migrations"."version" FROM "schema_migrations" ORDER BY "schema_migrations"."version" ASC[0m
Processing by Rails::WelcomeController#index as HTML
  Rendering /home/thibautrld/.rbenv/versions/3.1.2/lib/ruby/gems/3.1.0/gems/railties-7.0.8.4/lib/rails/templates/rails/welcome/index.html.erb
  Rendered /home/thibautrld/.rbenv/versions/3.1.2/lib/ruby/gems/3.1.0/gems/railties-7.0.8.4/lib/rails/templates/rails/welcome/index.html.erb (Duration: 3.0ms | Allocations: 527)
Completed 200 OK in 354ms (Views: 7.1ms | ActiveRecord: 0.0ms | Allocations: 285005)


Started GET "/messages" for ::1 at 2024-06-19 18:59:51 +0200
Processing by MessagesController#index as HTML
Completed 406 Not Acceptable in 9ms (ActiveRecord: 0.0ms | Allocations: 3682)


  
ActionController::MissingExactTemplate (MessagesController#index is missing a template for request formats: text/html):
  
actionpack (7.0.8.4) lib/action_controller/metal/implicit_render.rb:45:in `default_render'
actionpack (7.0.8.4) lib/action_controller/metal/basic_implicit_render.rb:7:in `send_action'
actionpack (7.0.8.4) lib/abstract_controller/base.rb:215:in `process_action'
actionpack (7.0.8.4) lib/action_controller/metal/rendering.rb:165:in `process_action'
actionpack (7.0.8.4) lib/abstract_controller/callbacks.rb:234:in `block in process_action'
activesupport (7.0.8.4) lib/active_support/callbacks.rb:118:in `block in run_callbacks'
turbo-rails (2.0.5) lib/turbo-rails.rb:24:in `with_request_id'
turbo-rails (2.0.5) app/controllers/concerns/turbo/request_id_tracking.rb:10:in `turbo_tracking_request_id'
activesupport (7.0.8.4) lib/active_support/callbacks.rb:127:in `block in run_callbacks'
actiontext (7.0.8.4) lib/action_text/rendering.rb:20:in `with_renderer'
actiontext (7.0.8.4) lib/action_text/engine.rb:69:in `block (4 levels) in <class:Engine>'
activesupport (7.0.8.4) lib/active_support/callbacks.rb:127:in `instance_exec'
activesupport (7.0.8.4) lib/active_support/callbacks.rb:127:in `block in run_callbacks'
activesupport (7.0.8.4) lib/active_support/callbacks.rb:138:in `run_callbacks'
actionpack (7.0.8.4) lib/abstract_controller/callbacks.rb:233:in `process_action'
actionpack (7.0.8.4) lib/action_controller/metal/rescue.rb:23:in `process_action'
actionpack (7.0.8.4) lib/action_controller/metal/instrumentation.rb:67:in `block in process_action'
activesupport (7.0.8.4) lib/active_support/notifications.rb:206:in `block in instrument'
activesupport (7.0.8.4) lib/active_support/notifications/instrumenter.rb:24:in `instrument'
activesupport (7.0.8.4) lib/active_support/notifications.rb:206:in `instrument'
actionpack (7.0.8.4) lib/action_controller/metal/instrumentation.rb:66:in `process_action'
actionpack (7.0.8.4) lib/action_controller/metal/params_wrapper.rb:259:in `process_action'
activerecord (7.0.8.4) lib/active_record/railties/controller_runtime.rb:27:in `process_action'
actionpack (7.0.8.4) lib/abstract_controller/base.rb:151:in `process'
actionview (7.0.8.4) lib/action_view/rendering.rb:39:in `process'
actionpack (7.0.8.4) lib/action_controller/metal.rb:188:in `dispatch'
actionpack (7.0.8.4) lib/action_controller/metal.rb:251:in `dispatch'
actionpack (7.0.8.4) lib/action_dispatch/routing/route_set.rb:49:in `dispatch'
actionpack (7.0.8.4) lib/action_dispatch/routing/route_set.rb:32:in `serve'
actionpack (7.0.8.4) lib/action_dispatch/journey/router.rb:50:in `block in serve'
actionpack (7.0.8.4) lib/action_dispatch/journey/router.rb:32:in `each'
actionpack (7.0.8.4) lib/action_dispatch/journey/router.rb:32:in `serve'
actionpack (7.0.8.4) lib/action_dispatch/routing/route_set.rb:852:in `call'
warden (1.2.9) lib/warden/manager.rb:36:in `block in call'
warden (1.2.9) lib/warden/manager.rb:34:in `catch'
warden (1.2.9) lib/warden/manager.rb:34:in `call'
rack (2.2.9) lib/rack/tempfile_reaper.rb:15:in `call'
rack (2.2.9) lib/rack/etag.rb:27:in `call'
rack (2.2.9) lib/rack/conditional_get.rb:27:in `call'
rack (2.2.9) lib/rack/head.rb:12:in `call'
actionpack (7.0.8.4) lib/action_dispatch/http/permissions_policy.rb:38:in `call'
actionpack (7.0.8.4) lib/action_dispatch/http/content_security_policy.rb:36:in `call'
rack (2.2.9) lib/rack/session/abstract/id.rb:266:in `context'
rack (2.2.9) lib/rack/session/abstract/id.rb:260:in `call'
actionpack (7.0.8.4) lib/action_dispatch/middleware/cookies.rb:704:in `call'
activerecord (7.0.8.4) lib/active_record/migration.rb:638:in `call'
actionpack (7.0.8.4) lib/action_dispatch/middleware/callbacks.rb:27:in `block in call'
activesupport (7.0.8.4) lib/active_support/callbacks.rb:99:in `run_callbacks'
actionpack (7.0.8.4) lib/action_dispatch/middleware/callbacks.rb:26:in `call'
actionpack (7.0.8.4) lib/action_dispatch/middleware/executor.rb:14:in `call'
actionpack (7.0.8.4) lib/action_dispatch/middleware/actionable_exceptions.rb:17:in `call'
actionpack (7.0.8.4) lib/action_dispatch/middleware/debug_exceptions.rb:28:in `call'
web-console (4.2.1) lib/web_console/middleware.rb:132:in `call_app'
web-console (4.2.1) lib/web_console/middleware.rb:28:in `block in call'
web-console (4.2.1) lib/web_console/middleware.rb:17:in `catch'
web-console (4.2.1) lib/web_console/middleware.rb:17:in `call'
actionpack (7.0.8.4) lib/action_dispatch/middleware/show_exceptions.rb:29:in `call'
railties (7.0.8.4) lib/rails/rack/logger.rb:40:in `call_app'
railties (7.0.8.4) lib/rails/rack/logger.rb:25:in `block in call'
activesupport (7.0.8.4) lib/active_support/tagged_logging.rb:99:in `block in tagged'
activesupport (7.0.8.4) lib/active_support/tagged_logging.rb:37:in `tagged'
activesupport (7.0.8.4) lib/active_support/tagged_logging.rb:99:in `tagged'
railties (7.0.8.4) lib/rails/rack/logger.rb:25:in `call'
sprockets-rails (3.5.1) lib/sprockets/rails/quiet_assets.rb:17:in `call'
actionpack (7.0.8.4) lib/action_dispatch/middleware/remote_ip.rb:93:in `call'
actionpack (7.0.8.4) lib/action_dispatch/middleware/request_id.rb:26:in `call'
rack (2.2.9) lib/rack/method_override.rb:24:in `call'
rack (2.2.9) lib/rack/runtime.rb:22:in `call'
activesupport (7.0.8.4) lib/active_support/cache/strategy/local_cache_middleware.rb:29:in `call'
actionpack (7.0.8.4) lib/action_dispatch/middleware/server_timing.rb:61:in `block in call'
actionpack (7.0.8.4) lib/action_dispatch/middleware/server_timing.rb:26:in `collect_events'
actionpack (7.0.8.4) lib/action_dispatch/middleware/server_timing.rb:60:in `call'
actionpack (7.0.8.4) lib/action_dispatch/middleware/executor.rb:14:in `call'
actionpack (7.0.8.4) lib/action_dispatch/middleware/static.rb:23:in `call'
rack (2.2.9) lib/rack/sendfile.rb:110:in `call'
actionpack (7.0.8.4) lib/action_dispatch/middleware/host_authorization.rb:138:in `call'
railties (7.0.8.4) lib/rails/engine.rb:530:in `call'
puma (5.6.8) lib/puma/configuration.rb:252:in `call'
puma (5.6.8) lib/puma/request.rb:77:in `block in handle_request'
puma (5.6.8) lib/puma/thread_pool.rb:340:in `with_force_shutdown'
puma (5.6.8) lib/puma/request.rb:76:in `handle_request'
puma (5.6.8) lib/puma/server.rb:443:in `process_client'
puma (5.6.8) lib/puma/thread_pool.rb:147:in `block in spawn_thread'
Started GET "/messages" for ::1 at 2024-06-19 19:01:02 +0200
Processing by MessagesController#index as HTML
Completed 406 Not Acceptable in 2ms (ActiveRecord: 0.0ms | Allocations: 1206)


  
ActionController::MissingExactTemplate (MessagesController#index is missing a template for request formats: text/html):
  
actionpack (7.0.8.4) lib/action_controller/metal/implicit_render.rb:45:in `default_render'
actionpack (7.0.8.4) lib/action_controller/metal/basic_implicit_render.rb:7:in `send_action'
actionpack (7.0.8.4) lib/abstract_controller/base.rb:215:in `process_action'
actionpack (7.0.8.4) lib/action_controller/metal/rendering.rb:165:in `process_action'
actionpack (7.0.8.4) lib/abstract_controller/callbacks.rb:234:in `block in process_action'
activesupport (7.0.8.4) lib/active_support/callbacks.rb:118:in `block in run_callbacks'
turbo-rails (2.0.5) lib/turbo-rails.rb:24:in `with_request_id'
turbo-rails (2.0.5) app/controllers/concerns/turbo/request_id_tracking.rb:10:in `turbo_tracking_request_id'
activesupport (7.0.8.4) lib/active_support/callbacks.rb:127:in `block in run_callbacks'
actiontext (7.0.8.4) lib/action_text/rendering.rb:20:in `with_renderer'
actiontext (7.0.8.4) lib/action_text/engine.rb:69:in `block (4 levels) in <class:Engine>'
activesupport (7.0.8.4) lib/active_support/callbacks.rb:127:in `instance_exec'
activesupport (7.0.8.4) lib/active_support/callbacks.rb:127:in `block in run_callbacks'
activesupport (7.0.8.4) lib/active_support/callbacks.rb:138:in `run_callbacks'
actionpack (7.0.8.4) lib/abstract_controller/callbacks.rb:233:in `process_action'
actionpack (7.0.8.4) lib/action_controller/metal/rescue.rb:23:in `process_action'
actionpack (7.0.8.4) lib/action_controller/metal/instrumentation.rb:67:in `block in process_action'
activesupport (7.0.8.4) lib/active_support/notifications.rb:206:in `block in instrument'
activesupport (7.0.8.4) lib/active_support/notifications/instrumenter.rb:24:in `instrument'
activesupport (7.0.8.4) lib/active_support/notifications.rb:206:in `instrument'
actionpack (7.0.8.4) lib/action_controller/metal/instrumentation.rb:66:in `process_action'
actionpack (7.0.8.4) lib/action_controller/metal/params_wrapper.rb:259:in `process_action'
activerecord (7.0.8.4) lib/active_record/railties/controller_runtime.rb:27:in `process_action'
actionpack (7.0.8.4) lib/abstract_controller/base.rb:151:in `process'
actionview (7.0.8.4) lib/action_view/rendering.rb:39:in `process'
actionpack (7.0.8.4) lib/action_controller/metal.rb:188:in `dispatch'
actionpack (7.0.8.4) lib/action_controller/metal.rb:251:in `dispatch'
actionpack (7.0.8.4) lib/action_dispatch/routing/route_set.rb:49:in `dispatch'
actionpack (7.0.8.4) lib/action_dispatch/routing/route_set.rb:32:in `serve'
actionpack (7.0.8.4) lib/action_dispatch/journey/router.rb:50:in `block in serve'
actionpack (7.0.8.4) lib/action_dispatch/journey/router.rb:32:in `each'
actionpack (7.0.8.4) lib/action_dispatch/journey/router.rb:32:in `serve'
actionpack (7.0.8.4) lib/action_dispatch/routing/route_set.rb:852:in `call'
warden (1.2.9) lib/warden/manager.rb:36:in `block in call'
warden (1.2.9) lib/warden/manager.rb:34:in `catch'
warden (1.2.9) lib/warden/manager.rb:34:in `call'
rack (2.2.9) lib/rack/tempfile_reaper.rb:15:in `call'
rack (2.2.9) lib/rack/etag.rb:27:in `call'
rack (2.2.9) lib/rack/conditional_get.rb:27:in `call'
rack (2.2.9) lib/rack/head.rb:12:in `call'
actionpack (7.0.8.4) lib/action_dispatch/http/permissions_policy.rb:38:in `call'
actionpack (7.0.8.4) lib/action_dispatch/http/content_security_policy.rb:36:in `call'
rack (2.2.9) lib/rack/session/abstract/id.rb:266:in `context'
rack (2.2.9) lib/rack/session/abstract/id.rb:260:in `call'
actionpack (7.0.8.4) lib/action_dispatch/middleware/cookies.rb:704:in `call'
activerecord (7.0.8.4) lib/active_record/migration.rb:638:in `call'
actionpack (7.0.8.4) lib/action_dispatch/middleware/callbacks.rb:27:in `block in call'
activesupport (7.0.8.4) lib/active_support/callbacks.rb:99:in `run_callbacks'
actionpack (7.0.8.4) lib/action_dispatch/middleware/callbacks.rb:26:in `call'
actionpack (7.0.8.4) lib/action_dispatch/middleware/executor.rb:14:in `call'
actionpack (7.0.8.4) lib/action_dispatch/middleware/actionable_exceptions.rb:17:in `call'
actionpack (7.0.8.4) lib/action_dispatch/middleware/debug_exceptions.rb:28:in `call'
web-console (4.2.1) lib/web_console/middleware.rb:132:in `call_app'
web-console (4.2.1) lib/web_console/middleware.rb:28:in `block in call'
web-console (4.2.1) lib/web_console/middleware.rb:17:in `catch'
web-console (4.2.1) lib/web_console/middleware.rb:17:in `call'
actionpack (7.0.8.4) lib/action_dispatch/middleware/show_exceptions.rb:29:in `call'
railties (7.0.8.4) lib/rails/rack/logger.rb:40:in `call_app'
railties (7.0.8.4) lib/rails/rack/logger.rb:25:in `block in call'
activesupport (7.0.8.4) lib/active_support/tagged_logging.rb:99:in `block in tagged'
activesupport (7.0.8.4) lib/active_support/tagged_logging.rb:37:in `tagged'
activesupport (7.0.8.4) lib/active_support/tagged_logging.rb:99:in `tagged'
railties (7.0.8.4) lib/rails/rack/logger.rb:25:in `call'
sprockets-rails (3.5.1) lib/sprockets/rails/quiet_assets.rb:17:in `call'
actionpack (7.0.8.4) lib/action_dispatch/middleware/remote_ip.rb:93:in `call'
actionpack (7.0.8.4) lib/action_dispatch/middleware/request_id.rb:26:in `call'
rack (2.2.9) lib/rack/method_override.rb:24:in `call'
rack (2.2.9) lib/rack/runtime.rb:22:in `call'
activesupport (7.0.8.4) lib/active_support/cache/strategy/local_cache_middleware.rb:29:in `call'
actionpack (7.0.8.4) lib/action_dispatch/middleware/server_timing.rb:61:in `block in call'
actionpack (7.0.8.4) lib/action_dispatch/middleware/server_timing.rb:26:in `collect_events'
actionpack (7.0.8.4) lib/action_dispatch/middleware/server_timing.rb:60:in `call'
actionpack (7.0.8.4) lib/action_dispatch/middleware/executor.rb:14:in `call'
actionpack (7.0.8.4) lib/action_dispatch/middleware/static.rb:23:in `call'
rack (2.2.9) lib/rack/sendfile.rb:110:in `call'
actionpack (7.0.8.4) lib/action_dispatch/middleware/host_authorization.rb:138:in `call'
railties (7.0.8.4) lib/rails/engine.rb:530:in `call'
puma (5.6.8) lib/puma/configuration.rb:252:in `call'
puma (5.6.8) lib/puma/request.rb:77:in `block in handle_request'
puma (5.6.8) lib/puma/thread_pool.rb:340:in `with_force_shutdown'
puma (5.6.8) lib/puma/request.rb:76:in `handle_request'
puma (5.6.8) lib/puma/server.rb:443:in `process_client'
puma (5.6.8) lib/puma/thread_pool.rb:147:in `block in spawn_thread'
Started GET "/messages" for ::1 at 2024-06-19 19:03:05 +0200
  [1m[36mActiveRecord::SchemaMigration Pluck (0.7ms)[0m  [1m[34mSELECT "schema_migrations"."version" FROM "schema_migrations" ORDER BY "schema_migrations"."version" ASC[0m
  
AbstractController::ActionNotFound (The action 'index' could not be found for MessagesController):
  
actionpack (7.0.8.4) lib/abstract_controller/base.rb:146:in `process'
actionview (7.0.8.4) lib/action_view/rendering.rb:39:in `process'
actionpack (7.0.8.4) lib/action_controller/metal.rb:188:in `dispatch'
actionpack (7.0.8.4) lib/action_controller/metal.rb:251:in `dispatch'
actionpack (7.0.8.4) lib/action_dispatch/routing/route_set.rb:49:in `dispatch'
actionpack (7.0.8.4) lib/action_dispatch/routing/route_set.rb:32:in `serve'
actionpack (7.0.8.4) lib/action_dispatch/journey/router.rb:50:in `block in serve'
actionpack (7.0.8.4) lib/action_dispatch/journey/router.rb:32:in `each'
actionpack (7.0.8.4) lib/action_dispatch/journey/router.rb:32:in `serve'
actionpack (7.0.8.4) lib/action_dispatch/routing/route_set.rb:852:in `call'
warden (1.2.9) lib/warden/manager.rb:36:in `block in call'
warden (1.2.9) lib/warden/manager.rb:34:in `catch'
warden (1.2.9) lib/warden/manager.rb:34:in `call'
rack (2.2.9) lib/rack/tempfile_reaper.rb:15:in `call'
rack (2.2.9) lib/rack/etag.rb:27:in `call'
rack (2.2.9) lib/rack/conditional_get.rb:27:in `call'
rack (2.2.9) lib/rack/head.rb:12:in `call'
actionpack (7.0.8.4) lib/action_dispatch/http/permissions_policy.rb:38:in `call'
actionpack (7.0.8.4) lib/action_dispatch/http/content_security_policy.rb:36:in `call'
rack (2.2.9) lib/rack/session/abstract/id.rb:266:in `context'
rack (2.2.9) lib/rack/session/abstract/id.rb:260:in `call'
actionpack (7.0.8.4) lib/action_dispatch/middleware/cookies.rb:704:in `call'
activerecord (7.0.8.4) lib/active_record/migration.rb:638:in `call'
actionpack (7.0.8.4) lib/action_dispatch/middleware/callbacks.rb:27:in `block in call'
activesupport (7.0.8.4) lib/active_support/callbacks.rb:99:in `run_callbacks'
actionpack (7.0.8.4) lib/action_dispatch/middleware/callbacks.rb:26:in `call'
actionpack (7.0.8.4) lib/action_dispatch/middleware/executor.rb:14:in `call'
actionpack (7.0.8.4) lib/action_dispatch/middleware/actionable_exceptions.rb:17:in `call'
actionpack (7.0.8.4) lib/action_dispatch/middleware/debug_exceptions.rb:28:in `call'
web-console (4.2.1) lib/web_console/middleware.rb:132:in `call_app'
web-console (4.2.1) lib/web_console/middleware.rb:28:in `block in call'
web-console (4.2.1) lib/web_console/middleware.rb:17:in `catch'
web-console (4.2.1) lib/web_console/middleware.rb:17:in `call'
actionpack (7.0.8.4) lib/action_dispatch/middleware/show_exceptions.rb:29:in `call'
railties (7.0.8.4) lib/rails/rack/logger.rb:40:in `call_app'
railties (7.0.8.4) lib/rails/rack/logger.rb:25:in `block in call'
activesupport (7.0.8.4) lib/active_support/tagged_logging.rb:99:in `block in tagged'
activesupport (7.0.8.4) lib/active_support/tagged_logging.rb:37:in `tagged'
activesupport (7.0.8.4) lib/active_support/tagged_logging.rb:99:in `tagged'
railties (7.0.8.4) lib/rails/rack/logger.rb:25:in `call'
sprockets-rails (3.5.1) lib/sprockets/rails/quiet_assets.rb:17:in `call'
actionpack (7.0.8.4) lib/action_dispatch/middleware/remote_ip.rb:93:in `call'
actionpack (7.0.8.4) lib/action_dispatch/middleware/request_id.rb:26:in `call'
rack (2.2.9) lib/rack/method_override.rb:24:in `call'
rack (2.2.9) lib/rack/runtime.rb:22:in `call'
activesupport (7.0.8.4) lib/active_support/cache/strategy/local_cache_middleware.rb:29:in `call'
actionpack (7.0.8.4) lib/action_dispatch/middleware/server_timing.rb:61:in `block in call'
actionpack (7.0.8.4) lib/action_dispatch/middleware/server_timing.rb:26:in `collect_events'
actionpack (7.0.8.4) lib/action_dispatch/middleware/server_timing.rb:60:in `call'
actionpack (7.0.8.4) lib/action_dispatch/middleware/executor.rb:14:in `call'
actionpack (7.0.8.4) lib/action_dispatch/middleware/static.rb:23:in `call'
rack (2.2.9) lib/rack/sendfile.rb:110:in `call'
actionpack (7.0.8.4) lib/action_dispatch/middleware/host_authorization.rb:138:in `call'
railties (7.0.8.4) lib/rails/engine.rb:530:in `call'
puma (5.6.8) lib/puma/configuration.rb:252:in `call'
puma (5.6.8) lib/puma/request.rb:77:in `block in handle_request'
puma (5.6.8) lib/puma/thread_pool.rb:340:in `with_force_shutdown'
puma (5.6.8) lib/puma/request.rb:76:in `handle_request'
puma (5.6.8) lib/puma/server.rb:443:in `process_client'
puma (5.6.8) lib/puma/thread_pool.rb:147:in `block in spawn_thread'
Started GET "/messages" for ::1 at 2024-06-19 19:04:34 +0200
Processing by MessagesController#index as HTML
Completed 406 Not Acceptable in 11ms (ActiveRecord: 0.0ms | Allocations: 3437)


  
ActionController::MissingExactTemplate (MessagesController#index is missing a template for request formats: text/html):
  
actionpack (7.0.8.4) lib/action_controller/metal/implicit_render.rb:45:in `default_render'
actionpack (7.0.8.4) lib/action_controller/metal/basic_implicit_render.rb:7:in `send_action'
actionpack (7.0.8.4) lib/abstract_controller/base.rb:215:in `process_action'
actionpack (7.0.8.4) lib/action_controller/metal/rendering.rb:165:in `process_action'
actionpack (7.0.8.4) lib/abstract_controller/callbacks.rb:234:in `block in process_action'
activesupport (7.0.8.4) lib/active_support/callbacks.rb:118:in `block in run_callbacks'
turbo-rails (2.0.5) lib/turbo-rails.rb:24:in `with_request_id'
turbo-rails (2.0.5) app/controllers/concerns/turbo/request_id_tracking.rb:10:in `turbo_tracking_request_id'
activesupport (7.0.8.4) lib/active_support/callbacks.rb:127:in `block in run_callbacks'
actiontext (7.0.8.4) lib/action_text/rendering.rb:20:in `with_renderer'
actiontext (7.0.8.4) lib/action_text/engine.rb:69:in `block (4 levels) in <class:Engine>'
activesupport (7.0.8.4) lib/active_support/callbacks.rb:127:in `instance_exec'
activesupport (7.0.8.4) lib/active_support/callbacks.rb:127:in `block in run_callbacks'
activesupport (7.0.8.4) lib/active_support/callbacks.rb:138:in `run_callbacks'
actionpack (7.0.8.4) lib/abstract_controller/callbacks.rb:233:in `process_action'
actionpack (7.0.8.4) lib/action_controller/metal/rescue.rb:23:in `process_action'
actionpack (7.0.8.4) lib/action_controller/metal/instrumentation.rb:67:in `block in process_action'
activesupport (7.0.8.4) lib/active_support/notifications.rb:206:in `block in instrument'
activesupport (7.0.8.4) lib/active_support/notifications/instrumenter.rb:24:in `instrument'
activesupport (7.0.8.4) lib/active_support/notifications.rb:206:in `instrument'
actionpack (7.0.8.4) lib/action_controller/metal/instrumentation.rb:66:in `process_action'
actionpack (7.0.8.4) lib/action_controller/metal/params_wrapper.rb:259:in `process_action'
activerecord (7.0.8.4) lib/active_record/railties/controller_runtime.rb:27:in `process_action'
actionpack (7.0.8.4) lib/abstract_controller/base.rb:151:in `process'
actionview (7.0.8.4) lib/action_view/rendering.rb:39:in `process'
actionpack (7.0.8.4) lib/action_controller/metal.rb:188:in `dispatch'
actionpack (7.0.8.4) lib/action_controller/metal.rb:251:in `dispatch'
actionpack (7.0.8.4) lib/action_dispatch/routing/route_set.rb:49:in `dispatch'
actionpack (7.0.8.4) lib/action_dispatch/routing/route_set.rb:32:in `serve'
actionpack (7.0.8.4) lib/action_dispatch/journey/router.rb:50:in `block in serve'
actionpack (7.0.8.4) lib/action_dispatch/journey/router.rb:32:in `each'
actionpack (7.0.8.4) lib/action_dispatch/journey/router.rb:32:in `serve'
actionpack (7.0.8.4) lib/action_dispatch/routing/route_set.rb:852:in `call'
warden (1.2.9) lib/warden/manager.rb:36:in `block in call'
warden (1.2.9) lib/warden/manager.rb:34:in `catch'
warden (1.2.9) lib/warden/manager.rb:34:in `call'
rack (2.2.9) lib/rack/tempfile_reaper.rb:15:in `call'
rack (2.2.9) lib/rack/etag.rb:27:in `call'
rack (2.2.9) lib/rack/conditional_get.rb:27:in `call'
rack (2.2.9) lib/rack/head.rb:12:in `call'
actionpack (7.0.8.4) lib/action_dispatch/http/permissions_policy.rb:38:in `call'
actionpack (7.0.8.4) lib/action_dispatch/http/content_security_policy.rb:36:in `call'
rack (2.2.9) lib/rack/session/abstract/id.rb:266:in `context'
rack (2.2.9) lib/rack/session/abstract/id.rb:260:in `call'
actionpack (7.0.8.4) lib/action_dispatch/middleware/cookies.rb:704:in `call'
activerecord (7.0.8.4) lib/active_record/migration.rb:638:in `call'
actionpack (7.0.8.4) lib/action_dispatch/middleware/callbacks.rb:27:in `block in call'
activesupport (7.0.8.4) lib/active_support/callbacks.rb:99:in `run_callbacks'
actionpack (7.0.8.4) lib/action_dispatch/middleware/callbacks.rb:26:in `call'
actionpack (7.0.8.4) lib/action_dispatch/middleware/executor.rb:14:in `call'
actionpack (7.0.8.4) lib/action_dispatch/middleware/actionable_exceptions.rb:17:in `call'
actionpack (7.0.8.4) lib/action_dispatch/middleware/debug_exceptions.rb:28:in `call'
web-console (4.2.1) lib/web_console/middleware.rb:132:in `call_app'
web-console (4.2.1) lib/web_console/middleware.rb:28:in `block in call'
web-console (4.2.1) lib/web_console/middleware.rb:17:in `catch'
web-console (4.2.1) lib/web_console/middleware.rb:17:in `call'
actionpack (7.0.8.4) lib/action_dispatch/middleware/show_exceptions.rb:29:in `call'
railties (7.0.8.4) lib/rails/rack/logger.rb:40:in `call_app'
railties (7.0.8.4) lib/rails/rack/logger.rb:25:in `block in call'
activesupport (7.0.8.4) lib/active_support/tagged_logging.rb:99:in `block in tagged'
activesupport (7.0.8.4) lib/active_support/tagged_logging.rb:37:in `tagged'
activesupport (7.0.8.4) lib/active_support/tagged_logging.rb:99:in `tagged'
railties (7.0.8.4) lib/rails/rack/logger.rb:25:in `call'
sprockets-rails (3.5.1) lib/sprockets/rails/quiet_assets.rb:17:in `call'
actionpack (7.0.8.4) lib/action_dispatch/middleware/remote_ip.rb:93:in `call'
actionpack (7.0.8.4) lib/action_dispatch/middleware/request_id.rb:26:in `call'
rack (2.2.9) lib/rack/method_override.rb:24:in `call'
rack (2.2.9) lib/rack/runtime.rb:22:in `call'
activesupport (7.0.8.4) lib/active_support/cache/strategy/local_cache_middleware.rb:29:in `call'
actionpack (7.0.8.4) lib/action_dispatch/middleware/server_timing.rb:61:in `block in call'
actionpack (7.0.8.4) lib/action_dispatch/middleware/server_timing.rb:26:in `collect_events'
actionpack (7.0.8.4) lib/action_dispatch/middleware/server_timing.rb:60:in `call'
actionpack (7.0.8.4) lib/action_dispatch/middleware/executor.rb:14:in `call'
actionpack (7.0.8.4) lib/action_dispatch/middleware/static.rb:23:in `call'
rack (2.2.9) lib/rack/sendfile.rb:110:in `call'
actionpack (7.0.8.4) lib/action_dispatch/middleware/host_authorization.rb:138:in `call'
railties (7.0.8.4) lib/rails/engine.rb:530:in `call'
puma (5.6.8) lib/puma/configuration.rb:252:in `call'
puma (5.6.8) lib/puma/request.rb:77:in `block in handle_request'
puma (5.6.8) lib/puma/thread_pool.rb:340:in `with_force_shutdown'
puma (5.6.8) lib/puma/request.rb:76:in `handle_request'
puma (5.6.8) lib/puma/server.rb:443:in `process_client'
puma (5.6.8) lib/puma/thread_pool.rb:147:in `block in spawn_thread'
Started GET "/messages" for ::1 at 2024-06-19 19:05:18 +0200
Processing by MessagesController#index as HTML
  Rendering layout layouts/application.html.erb
  Rendering messages/index.html.erb within layouts/application
  Rendered messages/index.html.erb within layouts/application (Duration: 0.5ms | Allocations: 123)
  Rendered layout layouts/application.html.erb (Duration: 75.6ms | Allocations: 33586)
Completed 200 OK in 79ms (Views: 77.7ms | ActiveRecord: 0.0ms | Allocations: 34872)


Started GET "/messages" for ::1 at 2024-06-19 19:06:20 +0200
Processing by MessagesController#index as HTML
  Rendering layout layouts/application.html.erb
  Rendering messages/index.html.erb within layouts/application
  [1m[36mMessage Load (15.1ms)[0m  [1m[34mSELECT "messages".* FROM "messages"[0m
  ↳ app/views/messages/index.html.erb:3
  Rendered messages/index.html.erb within layouts/application (Duration: 60.9ms | Allocations: 5572)
  Rendered layout layouts/application.html.erb (Duration: 69.7ms | Allocations: 21526)
Completed 200 OK in 83ms (Views: 22.0ms | ActiveRecord: 49.9ms | Allocations: 25030)


Started GET "/messages" for ::1 at 2024-06-19 19:12:14 +0200
Processing by MessagesController#index as HTML
  Rendering layout layouts/application.html.erb
  Rendering messages/index.html.erb within layouts/application
  [1m[36mMessage Load (1.8ms)[0m  [1m[34mSELECT "messages".* FROM "messages"[0m
  ↳ app/views/messages/index.html.erb:3
  Rendered messages/index.html.erb within layouts/application (Duration: 102.2ms | Allocations: 6208)
  Rendered layout layouts/application.html.erb (Duration: 168.5ms | Allocations: 22197)
Completed 200 OK in 192ms (Views: 146.4ms | ActiveRecord: 23.8ms | Allocations: 25420)


Started GET "/messages/1" for ::1 at 2024-06-19 19:12:17 +0200
Processing by MessagesController#show as HTML
  Parameters: {"id"=>"1"}
  [1m[36mMessage Load (2.6ms)[0m  [1m[34mSELECT "messages".* FROM "messages" WHERE "messages"."id" = $1 LIMIT $2[0m  [["id", 1], ["LIMIT", 1]]
  ↳ app/controllers/messages_controller.rb:15:in `set_message'
  Rendering layout layouts/application.html.erb
  Rendering messages/show.html.erb within layouts/application
  Rendered messages/show.html.erb within layouts/application (Duration: 0.8ms | Allocations: 154)
  Rendered layout layouts/application.html.erb (Duration: 14.2ms | Allocations: 2038)
Completed 200 OK in 62ms (Views: 15.7ms | ActiveRecord: 3.6ms | Allocations: 4966)


Started GET "/messages" for ::1 at 2024-06-19 19:23:52 +0200
Processing by MessagesController#index as HTML
  Rendering layout layouts/application.html.erb
  Rendering messages/index.html.erb within layouts/application
  [1m[36mMessage Load (1.4ms)[0m  [1m[34mSELECT "messages".* FROM "messages"[0m
  ↳ app/views/messages/index.html.erb:3
  Rendered messages/index.html.erb within layouts/application (Duration: 58.9ms | Allocations: 6103)
  Rendered layout layouts/application.html.erb (Duration: 126.1ms | Allocations: 21992)
Completed 200 OK in 151ms (Views: 111.4ms | ActiveRecord: 16.7ms | Allocations: 25211)


Started GET "/messages/1" for ::1 at 2024-06-19 19:23:55 +0200
Processing by MessagesController#show as HTML
  Parameters: {"id"=>"1"}
  [1m[36mMessage Load (2.2ms)[0m  [1m[34mSELECT "messages".* FROM "messages" WHERE "messages"."id" = $1 LIMIT $2[0m  [["id", 1], ["LIMIT", 1]]
  ↳ app/controllers/messages_controller.rb:20:in `set_message'
  Rendering layout layouts/application.html.erb
  Rendering messages/show.html.erb within layouts/application
  Rendered messages/show.html.erb within layouts/application (Duration: 0.6ms | Allocations: 129)
  Rendered layout layouts/application.html.erb (Duration: 5.6ms | Allocations: 1849)
Completed 200 OK in 15ms (Views: 6.1ms | ActiveRecord: 3.2ms | Allocations: 3484)


